2026-04-30 06:11:46,024 - INFO - 
======================================================================
2026-04-30 06:11:46,025 - INFO - Momentum Trading Station - Initializing
2026-04-30 06:11:46,025 - INFO - ======================================================================
2026-04-30 06:12:01,915 - INFO - 
======================================================================
2026-04-30 06:12:01,916 - INFO - Momentum Trading Station - Initializing
2026-04-30 06:12:01,916 - INFO - ======================================================================
2026-04-30 06:12:01,916 - INFO - 
======================================================================
2026-04-30 06:12:01,916 - INFO - MANUAL DATA INGESTION TRIGGERED
2026-04-30 06:12:01,916 - INFO - ======================================================================
2026-04-30 06:12:01,916 - INFO - ======================================================================
2026-04-30 06:12:01,917 - INFO - SCHEDULED DATA INGESTION STARTING
2026-04-30 06:12:01,917 - INFO - ======================================================================
2026-04-30 06:12:01,917 - INFO - Starting incremental update for 503 tickers. End date: 2026-04-30
2026-04-30 06:15:25,144 - INFO - 
======================================================================
2026-04-30 06:15:25,144 - INFO - Momentum Trading Station - Initializing
2026-04-30 06:15:25,144 - INFO - ======================================================================
2026-04-30 06:15:25,145 - INFO - 
======================================================================
2026-04-30 06:15:25,145 - INFO - MANUAL DATA INGESTION TRIGGERED
2026-04-30 06:15:25,145 - INFO - ======================================================================
2026-04-30 06:15:25,145 - INFO - ======================================================================
2026-04-30 06:15:25,145 - INFO - SCHEDULED DATA INGESTION STARTING
2026-04-30 06:15:25,145 - INFO - ======================================================================
2026-04-30 06:15:25,145 - INFO - Starting incremental update for 503 tickers. End date: 2026-04-30
2026-04-30 06:15:25,154 - INFO - [1/503] MMM - updating from 2026-04-25 (6 days behind)...
2026-04-30 06:15:25,611 - INFO - [1/503] MMM updated - 3 new rows (total: 754)
2026-04-30 06:15:26,117 - INFO - [2/503] AOS - updating from 2026-04-25 (6 days behind)...
2026-04-30 06:15:26,255 - INFO - [2/503] AOS updated - 3 new rows (total: 754)
2026-04-30 06:15:26,760 - INFO - [3/503] ABT - updating from 2026-04-25 (6 days behind)...
2026-04-30 06:15:26,907 - INFO - [3/503] ABT updated - 3 new rows (total: 754)
2026-04-30 06:15:27,413 - INFO - [4/503] ABBV - updating from 2026-04-25 (6 days behind)...
2026-04-30 06:15:27,533 - INFO - [4/503] ABBV updated - 3 new rows (total: 754)
2026-04-30 06:15:28,039 - INFO - [5/503] ACN - updating from 2026-04-25 (6 days behind)...
2026-04-30 06:15:28,186 - INFO - [5/503] ACN updated - 3 new rows (total: 754)
2026-04-30 06:15:28,691 - INFO - [6/503] ADBE - updating from 2026-04-25 (6 days behind)...
2026-04-30 06:15:28,816 - INFO - [6/503] ADBE updated - 3 new rows (total: 754)
2026-04-30 06:15:29,322 - INFO - [7/503] AMD - updating from 2026-04-25 (6 days behind)...
2026-04-30 06:15:29,416 - INFO - [7/503] AMD updated - 3 new rows (total: 754)
2026-04-30 06:15:29,924 - INFO - [8/503] AES - updating from 2026-04-25 (6 days behind)...
2026-04-30 06:15:30,085 - INFO - [8/503] AES updated - 3 new rows (total: 754)
2026-04-30 06:15:30,591 - INFO - [9/503] AFL - updating from 2026-04-25 (6 days behind)...
2026-04-30 06:15:30,751 - INFO - [9/503] AFL updated - 3 new rows (total: 754)
2026-04-30 06:15:31,260 - INFO - [10/503] A - updating from 2026-04-25 (6 days behind)...
2026-04-30 06:15:31,380 - INFO - [10/503] A updated - 3 new rows (total: 754)
2026-04-30 06:15:31,885 - INFO - [11/503] APD - updating from 2026-04-25 (6 days behind)...
2026-04-30 06:15:32,028 - INFO - [11/503] APD updated - 3 new rows (total: 754)
2026-04-30 06:15:32,533 - INFO - [12/503] ABNB - updating from 2026-04-25 (6 days behind)...
2026-04-30 06:15:32,629 - INFO - [12/503] ABNB updated - 3 new rows (total: 754)
2026-04-30 06:15:33,135 - INFO - [13/503] AKAM - updating from 2026-04-25 (6 days behind)...
2026-04-30 06:15:33,229 - INFO - [13/503] AKAM updated - 3 new rows (total: 754)
2026-04-30 06:15:33,737 - INFO - [14/503] ALB - updating from 2026-04-25 (6 days behind)...
2026-04-30 06:15:33,878 - INFO - [14/503] ALB updated - 3 new rows (total: 754)
2026-04-30 06:15:34,383 - INFO - [15/503] ARE - updating from 2026-04-25 (6 days behind)...
2026-04-30 06:15:34,521 - INFO - [15/503] ARE updated - 3 new rows (total: 754)
2026-04-30 06:15:35,027 - INFO - [16/503] ALGN - updating from 2026-04-25 (6 days behind)...
2026-04-30 06:15:35,134 - INFO - [16/503] ALGN updated - 3 new rows (total: 754)
2026-04-30 06:15:35,641 - INFO - [17/503] ALLE - updating from 2026-04-25 (6 days behind)...
2026-04-30 06:15:35,758 - INFO - [17/503] ALLE updated - 3 new rows (total: 754)
2026-04-30 06:15:36,265 - INFO - [18/503] LNT - updating from 2026-04-25 (6 days behind)...
2026-04-30 06:15:36,411 - INFO - [18/503] LNT updated - 3 new rows (total: 754)
2026-04-30 06:15:36,917 - INFO - [19/503] ALL - updating from 2026-04-25 (6 days behind)...
2026-04-30 06:15:37,056 - INFO - [19/503] ALL updated - 3 new rows (total: 754)
2026-04-30 06:15:37,563 - INFO - [20/503] GOOGL - updating from 2026-04-25 (6 days behind)...
2026-04-30 06:15:37,659 - INFO - [20/503] GOOGL updated - 3 new rows (total: 754)
2026-04-30 06:15:38,165 - INFO - [21/503] GOOG - updating from 2026-04-25 (6 days behind)...
2026-04-30 06:15:38,259 - INFO - [21/503] GOOG updated - 3 new rows (total: 754)
2026-04-30 06:15:38,766 - INFO - [22/503] MO - updating from 2026-04-25 (6 days behind)...
2026-04-30 06:15:38,944 - INFO - [22/503] MO updated - 3 new rows (total: 754)
2026-04-30 06:15:39,450 - INFO - [23/503] AMZN - updating from 2026-04-25 (6 days behind)...
2026-04-30 06:15:39,549 - INFO - [23/503] AMZN updated - 3 new rows (total: 754)
2026-04-30 06:15:40,055 - INFO - [24/503] AMCR - updating from 2026-04-25 (6 days behind)...
2026-04-30 06:15:40,164 - INFO - [24/503] AMCR updated - 3 new rows (total: 754)
2026-04-30 06:15:40,670 - INFO - [25/503] AEE - updating from 2026-04-25 (6 days behind)...
2026-04-30 06:15:40,853 - INFO - [25/503] AEE updated - 3 new rows (total: 754)
2026-04-30 06:15:41,361 - INFO - [26/503] AEP - updating from 2026-04-25 (6 days behind)...
2026-04-30 06:15:41,561 - INFO - [26/503] AEP updated - 3 new rows (total: 754)
2026-04-30 06:15:42,066 - INFO - [27/503] AXP - updating from 2026-04-25 (6 days behind)...
2026-04-30 06:15:42,229 - INFO - [27/503] AXP updated - 3 new rows (total: 754)
2026-04-30 06:15:42,738 - INFO - [28/503] AIG - updating from 2026-04-25 (6 days behind)...
2026-04-30 06:15:42,872 - INFO - [28/503] AIG updated - 3 new rows (total: 754)
2026-04-30 06:15:43,380 - INFO - [29/503] AMT - updating from 2026-04-25 (6 days behind)...
2026-04-30 06:15:43,503 - INFO - [29/503] AMT updated - 3 new rows (total: 754)
2026-04-30 06:15:44,011 - INFO - [30/503] AWK - updating from 2026-04-25 (6 days behind)...
2026-04-30 06:15:44,125 - INFO - [30/503] AWK updated - 3 new rows (total: 754)
2026-04-30 06:15:44,631 - INFO - [31/503] AMP - updating from 2026-04-25 (6 days behind)...
2026-04-30 06:15:44,781 - INFO - [31/503] AMP updated - 3 new rows (total: 754)
2026-04-30 06:15:45,287 - INFO - [32/503] AME - updating from 2026-04-25 (6 days behind)...
2026-04-30 06:15:45,438 - INFO - [32/503] AME updated - 3 new rows (total: 754)
2026-04-30 06:15:45,952 - INFO - [33/503] AMGN - updating from 2026-04-25 (6 days behind)...
2026-04-30 06:15:46,071 - INFO - [33/503] AMGN updated - 3 new rows (total: 754)
2026-04-30 06:15:46,581 - INFO - [34/503] APH - updating from 2026-04-25 (6 days behind)...
2026-04-30 06:15:46,908 - INFO - [34/503] APH updated - 3 new rows (total: 754)
2026-04-30 06:15:47,416 - INFO - [35/503] ADI - updating from 2026-04-25 (6 days behind)...
2026-04-30 06:15:47,539 - INFO - [35/503] ADI updated - 3 new rows (total: 754)
2026-04-30 06:15:48,045 - INFO - [36/503] AON - updating from 2026-04-25 (6 days behind)...
2026-04-30 06:15:48,195 - INFO - [36/503] AON updated - 3 new rows (total: 754)
2026-04-30 06:15:48,701 - INFO - [37/503] APA - updating from 2026-04-25 (6 days behind)...
2026-04-30 06:15:48,853 - INFO - [37/503] APA updated - 3 new rows (total: 754)
2026-04-30 06:15:49,359 - INFO - [38/503] APO - updating from 2026-04-25 (6 days behind)...
2026-04-30 06:15:49,463 - INFO - [38/503] APO updated - 3 new rows (total: 754)
2026-04-30 06:15:49,970 - INFO - [39/503] AAPL - updating from 2026-04-25 (6 days behind)...
2026-04-30 06:15:50,105 - INFO - [39/503] AAPL updated - 3 new rows (total: 754)
2026-04-30 06:15:50,613 - INFO - [40/503] AMAT - updating from 2026-04-25 (6 days behind)...
2026-04-30 06:15:50,729 - INFO - [40/503] AMAT updated - 3 new rows (total: 754)
2026-04-30 06:15:51,236 - INFO - [41/503] APP - updating from 2026-04-25 (6 days behind)...
2026-04-30 06:15:51,353 - INFO - [41/503] APP updated - 3 new rows (total: 754)
2026-04-30 06:15:51,859 - INFO - [42/503] APTV - updating from 2026-04-25 (6 days behind)...
2026-04-30 06:15:51,964 - INFO - [42/503] APTV updated - 3 new rows (total: 754)
2026-04-30 06:15:52,470 - INFO - [43/503] ACGL - updating from 2026-04-25 (6 days behind)...
2026-04-30 06:15:52,575 - INFO - [43/503] ACGL updated - 3 new rows (total: 754)
2026-04-30 06:15:53,082 - INFO - [44/503] ADM - updating from 2026-04-25 (6 days behind)...
2026-04-30 06:15:53,228 - INFO - [44/503] ADM updated - 3 new rows (total: 754)
2026-04-30 06:15:53,735 - INFO - [45/503] ARES - updating from 2026-04-25 (6 days behind)...
2026-04-30 06:15:53,853 - INFO - [45/503] ARES updated - 3 new rows (total: 754)
2026-04-30 06:15:54,359 - INFO - [46/503] ANET - updating from 2026-04-25 (6 days behind)...
2026-04-30 06:15:54,457 - INFO - [46/503] ANET updated - 3 new rows (total: 754)
2026-04-30 06:15:54,963 - INFO - [47/503] AJG - updating from 2026-04-25 (6 days behind)...
2026-04-30 06:15:55,098 - INFO - [47/503] AJG updated - 3 new rows (total: 754)
2026-04-30 06:15:55,604 - INFO - [48/503] AIZ - updating from 2026-04-25 (6 days behind)...
2026-04-30 06:15:55,730 - INFO - [48/503] AIZ updated - 3 new rows (total: 754)
2026-04-30 06:15:56,238 - INFO - [49/503] T - updating from 2026-04-25 (6 days behind)...
2026-04-30 06:15:56,376 - INFO - [49/503] T updated - 3 new rows (total: 754)
2026-04-30 06:15:56,881 - INFO - [50/503] ATO - updating from 2026-04-25 (6 days behind)...
2026-04-30 06:15:57,100 - INFO - [50/503] ATO updated - 3 new rows (total: 754)
2026-04-30 06:15:57,605 - INFO - [51/503] ADSK - updating from 2026-04-25 (6 days behind)...
2026-04-30 06:15:57,719 - INFO - [51/503] ADSK updated - 3 new rows (total: 754)
2026-04-30 06:15:58,224 - INFO - [52/503] ADP - updating from 2026-04-25 (6 days behind)...
2026-04-30 06:15:58,393 - INFO - [52/503] ADP updated - 3 new rows (total: 754)
2026-04-30 06:15:58,898 - INFO - [53/503] AZO - updating from 2026-04-25 (6 days behind)...
2026-04-30 06:15:58,992 - INFO - [53/503] AZO updated - 3 new rows (total: 754)
2026-04-30 06:15:59,497 - INFO - [54/503] AVB - updating from 2026-04-25 (6 days behind)...
2026-04-30 06:15:59,622 - INFO - [54/503] AVB updated - 3 new rows (total: 754)
2026-04-30 06:16:00,128 - INFO - [55/503] AVY - updating from 2026-04-25 (6 days behind)...
2026-04-30 06:16:00,305 - INFO - [55/503] AVY updated - 3 new rows (total: 754)
2026-04-30 06:16:00,812 - INFO - [56/503] AXON - updating from 2026-04-25 (6 days behind)...
2026-04-30 06:16:00,899 - INFO - [56/503] AXON updated - 3 new rows (total: 754)
2026-04-30 06:16:01,406 - INFO - [57/503] BKR - updating from 2026-04-25 (6 days behind)...
2026-04-30 06:16:01,542 - INFO - [57/503] BKR updated - 3 new rows (total: 754)
2026-04-30 06:16:02,049 - INFO - [58/503] BALL - updating from 2026-04-25 (6 days behind)...
2026-04-30 06:16:02,195 - INFO - [58/503] BALL updated - 3 new rows (total: 754)
2026-04-30 06:16:02,701 - INFO - [59/503] BAC - updating from 2026-04-25 (6 days behind)...
2026-04-30 06:16:02,830 - INFO - [59/503] BAC updated - 3 new rows (total: 754)
2026-04-30 06:16:03,337 - INFO - [60/503] BAX - updating from 2026-04-25 (6 days behind)...
2026-04-30 06:16:03,475 - INFO - [60/503] BAX updated - 3 new rows (total: 754)
2026-04-30 06:16:03,981 - INFO - [61/503] BDX - updating from 2026-04-25 (6 days behind)...
2026-04-30 06:16:04,173 - INFO - [61/503] BDX updated - 3 new rows (total: 754)
2026-04-30 06:16:04,678 - INFO - [62/503] BRK-B - updating from 2026-04-25 (6 days behind)...
2026-04-30 06:16:04,773 - INFO - [62/503] BRK-B updated - 3 new rows (total: 754)
2026-04-30 06:16:05,279 - INFO - [63/503] BBY - updating from 2026-04-25 (6 days behind)...
2026-04-30 06:16:05,408 - INFO - [63/503] BBY updated - 3 new rows (total: 754)
2026-04-30 06:16:05,914 - INFO - [64/503] TECH - updating from 2026-04-25 (6 days behind)...
2026-04-30 06:16:06,321 - INFO - [64/503] TECH updated - 3 new rows (total: 754)
2026-04-30 06:16:06,826 - INFO - [65/503] BIIB - updating from 2026-04-25 (6 days behind)...
2026-04-30 06:16:06,933 - INFO - [65/503] BIIB updated - 3 new rows (total: 754)
2026-04-30 06:16:07,439 - INFO - [66/503] BLK - updating from 2026-04-25 (6 days behind)...
2026-04-30 06:16:07,566 - INFO - [66/503] BLK updated - 3 new rows (total: 754)
2026-04-30 06:16:08,071 - INFO - [67/503] BX - updating from 2026-04-25 (6 days behind)...
2026-04-30 06:16:08,223 - INFO - [67/503] BX updated - 3 new rows (total: 754)
2026-04-30 06:16:08,730 - INFO - [68/503] XYZ - updating from 2026-04-25 (6 days behind)...
2026-04-30 06:16:08,828 - INFO - [68/503] XYZ updated - 3 new rows (total: 754)
2026-04-30 06:16:09,333 - INFO - [69/503] BK - updating from 2026-04-25 (6 days behind)...
2026-04-30 06:16:09,493 - INFO - [69/503] BK updated - 3 new rows (total: 754)
2026-04-30 06:16:10,000 - INFO - [70/503] BA - updating from 2026-04-25 (6 days behind)...
2026-04-30 06:16:10,179 - INFO - [70/503] BA updated - 3 new rows (total: 754)
2026-04-30 06:16:10,686 - INFO - [71/503] BKNG - updating from 2026-04-25 (6 days behind)...
2026-04-30 06:16:10,796 - INFO - [71/503] BKNG updated - 3 new rows (total: 754)
2026-04-30 06:16:11,301 - INFO - [72/503] BSX - updating from 2026-04-25 (6 days behind)...
2026-04-30 06:16:11,397 - INFO - [72/503] BSX updated - 3 new rows (total: 754)
2026-04-30 06:16:11,903 - INFO - [73/503] BMY - updating from 2026-04-25 (6 days behind)...
2026-04-30 06:16:12,094 - INFO - [73/503] BMY updated - 3 new rows (total: 754)
2026-04-30 06:16:12,600 - INFO - [74/503] AVGO - updating from 2026-04-25 (6 days behind)...
2026-04-30 06:16:12,716 - INFO - [74/503] AVGO updated - 3 new rows (total: 754)
2026-04-30 06:16:13,232 - INFO - [75/503] BR - updating from 2026-04-25 (6 days behind)...
2026-04-30 06:16:13,345 - INFO - [75/503] BR updated - 3 new rows (total: 754)
2026-04-30 06:16:13,860 - INFO - [76/503] BRO - updating from 2026-04-25 (6 days behind)...
2026-04-30 06:16:14,010 - INFO - [76/503] BRO updated - 3 new rows (total: 754)
2026-04-30 06:16:14,524 - INFO - [77/503] BF-B - updating from 2026-04-25 (6 days behind)...
2026-04-30 06:16:14,690 - INFO - [77/503] BF-B updated - 3 new rows (total: 754)
2026-04-30 06:16:15,207 - INFO - [78/503] BLDR - updating from 2026-04-25 (6 days behind)...
2026-04-30 06:16:15,314 - INFO - [78/503] BLDR updated - 3 new rows (total: 754)
2026-04-30 06:16:15,830 - INFO - [79/503] BG - updating from 2026-04-25 (6 days behind)...
2026-04-30 06:16:15,958 - INFO - [79/503] BG updated - 3 new rows (total: 754)
2026-04-30 06:16:16,475 - INFO - [80/503] BXP - updating from 2026-04-25 (6 days behind)...
2026-04-30 06:16:16,610 - INFO - [80/503] BXP updated - 3 new rows (total: 754)
2026-04-30 06:16:17,142 - INFO - [81/503] CHRW - updating from 2026-04-25 (6 days behind)...
2026-04-30 06:16:17,298 - INFO - [81/503] CHRW updated - 3 new rows (total: 754)
2026-04-30 06:16:17,812 - INFO - [82/503] CDNS - updating from 2026-04-25 (6 days behind)...
2026-04-30 06:16:17,903 - INFO - [82/503] CDNS updated - 3 new rows (total: 754)
2026-04-30 06:16:18,417 - INFO - [83/503] CPT - updating from 2026-04-25 (6 days behind)...
2026-04-30 06:16:18,545 - INFO - [83/503] CPT updated - 3 new rows (total: 754)
2026-04-30 06:16:19,059 - INFO - [84/503] CPB - updating from 2026-04-25 (6 days behind)...
2026-04-30 06:16:19,214 - INFO - [84/503] CPB updated - 3 new rows (total: 754)
2026-04-30 06:16:19,731 - INFO - [85/503] COF - updating from 2026-04-25 (6 days behind)...
2026-04-30 06:16:19,860 - INFO - [85/503] COF updated - 3 new rows (total: 754)
2026-04-30 06:16:20,374 - INFO - [86/503] CAH - updating from 2026-04-25 (6 days behind)...
2026-04-30 06:16:20,513 - INFO - [86/503] CAH updated - 3 new rows (total: 754)
2026-04-30 06:16:21,030 - INFO - [87/503] CCL - updating from 2026-04-25 (6 days behind)...
2026-04-30 06:16:21,168 - INFO - [87/503] CCL updated - 3 new rows (total: 754)
2026-04-30 06:16:21,685 - INFO - [88/503] CARR - updating from 2026-04-25 (6 days behind)...
2026-04-30 06:16:21,783 - INFO - [88/503] CARR updated - 3 new rows (total: 754)
2026-04-30 06:16:22,297 - INFO - [89/503] CVNA - updating from 2026-04-25 (6 days behind)...
2026-04-30 06:16:22,392 - INFO - [89/503] CVNA updated - 3 new rows (total: 754)
2026-04-30 06:16:22,906 - INFO - [90/503] CASY - updating from 2026-04-25 (6 days behind)...
2026-04-30 06:16:23,062 - INFO - [90/503] CASY updated - 3 new rows (total: 754)
2026-04-30 06:16:23,576 - INFO - [91/503] CAT - updating from 2026-04-25 (6 days behind)...
2026-04-30 06:16:23,757 - INFO - [91/503] CAT updated - 3 new rows (total: 754)
2026-04-30 06:16:24,275 - INFO - [92/503] CBOE - updating from 2026-04-25 (6 days behind)...
2026-04-30 06:16:24,380 - INFO - [92/503] CBOE updated - 3 new rows (total: 754)
2026-04-30 06:16:24,894 - INFO - [93/503] CBRE - updating from 2026-04-25 (6 days behind)...
2026-04-30 06:16:24,991 - INFO - [93/503] CBRE updated - 3 new rows (total: 754)
2026-04-30 06:16:25,507 - INFO - [94/503] CDW - updating from 2026-04-25 (6 days behind)...
2026-04-30 06:16:25,613 - INFO - [94/503] CDW updated - 3 new rows (total: 754)
2026-04-30 06:16:26,127 - INFO - [95/503] COR - updating from 2026-04-25 (6 days behind)...
2026-04-30 06:16:26,265 - INFO - [95/503] COR updated - 3 new rows (total: 754)
2026-04-30 06:16:26,781 - INFO - [96/503] CNC - updating from 2026-04-25 (6 days behind)...
2026-04-30 06:16:26,885 - INFO - [96/503] CNC updated - 3 new rows (total: 754)
2026-04-30 06:16:27,403 - INFO - [97/503] CNP - updating from 2026-04-25 (6 days behind)...
2026-04-30 06:16:27,599 - INFO - [97/503] CNP updated - 3 new rows (total: 754)
2026-04-30 06:16:28,113 - INFO - [98/503] CF - updating from 2026-04-25 (6 days behind)...
2026-04-30 06:16:28,258 - INFO - [98/503] CF updated - 3 new rows (total: 754)
2026-04-30 06:16:28,774 - INFO - [99/503] CRL - updating from 2026-04-25 (6 days behind)...
2026-04-30 06:16:28,879 - INFO - [99/503] CRL updated - 3 new rows (total: 754)
2026-04-30 06:16:29,394 - INFO - [100/503] SCHW - updating from 2026-04-25 (6 days behind)...
2026-04-30 06:16:29,636 - INFO - [100/503] SCHW updated - 3 new rows (total: 754)
2026-04-30 06:16:30,152 - INFO - [101/503] CHTR - updating from 2026-04-25 (6 days behind)...
2026-04-30 06:16:30,246 - INFO - [101/503] CHTR updated - 3 new rows (total: 754)
2026-04-30 06:16:30,763 - INFO - [102/503] CVX - updating from 2026-04-25 (6 days behind)...
2026-04-30 06:16:30,919 - INFO - [102/503] CVX updated - 3 new rows (total: 754)
2026-04-30 06:16:31,438 - INFO - [103/503] CMG - updating from 2026-04-25 (6 days behind)...
2026-04-30 06:16:31,541 - INFO - [103/503] CMG updated - 3 new rows (total: 754)
2026-04-30 06:16:32,055 - INFO - [104/503] CB - updating from 2026-04-25 (6 days behind)...
2026-04-30 06:16:32,181 - INFO - [104/503] CB updated - 3 new rows (total: 754)
2026-04-30 06:16:32,695 - INFO - [105/503] CHD - updating from 2026-04-25 (6 days behind)...
2026-04-30 06:16:32,843 - INFO - [105/503] CHD updated - 3 new rows (total: 754)
2026-04-30 06:16:33,358 - INFO - [106/503] CIEN - updating from 2026-04-25 (6 days behind)...
2026-04-30 06:16:33,536 - INFO - [106/503] CIEN updated - 3 new rows (total: 754)
2026-04-30 06:16:34,053 - INFO - [107/503] CI - updating from 2026-04-25 (6 days behind)...
2026-04-30 06:16:34,209 - INFO - [107/503] CI updated - 3 new rows (total: 754)
2026-04-30 06:16:34,725 - INFO - [108/503] CINF - updating from 2026-04-25 (6 days behind)...
2026-04-30 06:16:34,863 - INFO - [108/503] CINF updated - 3 new rows (total: 754)
2026-04-30 06:16:35,379 - INFO - [109/503] CTAS - updating from 2026-04-25 (6 days behind)...
2026-04-30 06:16:35,516 - INFO - [109/503] CTAS updated - 3 new rows (total: 754)
2026-04-30 06:16:36,029 - INFO - [110/503] CSCO - updating from 2026-04-25 (6 days behind)...
2026-04-30 06:16:36,152 - INFO - [110/503] CSCO updated - 3 new rows (total: 754)
2026-04-30 06:16:36,667 - INFO - [111/503] C - updating from 2026-04-25 (6 days behind)...
2026-04-30 06:16:36,845 - INFO - [111/503] C updated - 3 new rows (total: 754)
2026-04-30 06:16:37,376 - INFO - [112/503] CFG - updating from 2026-04-25 (6 days behind)...
2026-04-30 06:16:37,485 - INFO - [112/503] CFG updated - 3 new rows (total: 754)
2026-04-30 06:16:38,001 - INFO - [113/503] CLX - updating from 2026-04-25 (6 days behind)...
2026-04-30 06:16:38,562 - INFO - [113/503] CLX updated - 3 new rows (total: 754)
2026-04-30 06:16:39,079 - INFO - [114/503] CME - updating from 2026-04-25 (6 days behind)...
2026-04-30 06:16:39,214 - INFO - [114/503] CME updated - 3 new rows (total: 754)
2026-04-30 06:16:39,728 - INFO - [115/503] CMS - updating from 2026-04-25 (6 days behind)...
2026-04-30 06:16:39,910 - INFO - [115/503] CMS updated - 3 new rows (total: 754)
2026-04-30 06:16:40,426 - INFO - [116/503] KO - updating from 2026-04-25 (6 days behind)...
2026-04-30 06:16:40,637 - INFO - [116/503] KO updated - 3 new rows (total: 754)
2026-04-30 06:16:41,154 - INFO - [117/503] CTSH - updating from 2026-04-25 (6 days behind)...
2026-04-30 06:16:41,258 - INFO - [117/503] CTSH updated - 3 new rows (total: 754)
2026-04-30 06:16:41,773 - INFO - [118/503] COHR - updating from 2026-04-25 (6 days behind)...
2026-04-30 06:16:41,869 - INFO - [118/503] COHR updated - 3 new rows (total: 754)
2026-04-30 06:16:42,384 - INFO - [119/503] COIN - updating from 2026-04-25 (6 days behind)...
2026-04-30 06:16:42,485 - INFO - [119/503] COIN updated - 3 new rows (total: 754)
2026-04-30 06:16:43,002 - INFO - [120/503] CL - updating from 2026-04-25 (6 days behind)...
2026-04-30 06:16:43,159 - INFO - [120/503] CL updated - 3 new rows (total: 754)
2026-04-30 06:16:43,675 - INFO - [121/503] CMCSA - updating from 2026-04-25 (6 days behind)...
2026-04-30 06:16:43,820 - INFO - [121/503] CMCSA updated - 3 new rows (total: 754)
2026-04-30 06:16:44,339 - INFO - [122/503] FIX - updating from 2026-04-25 (6 days behind)...
2026-04-30 06:16:44,455 - INFO - [122/503] FIX updated - 3 new rows (total: 754)
2026-04-30 06:16:44,968 - INFO - [123/503] CAG - updating from 2026-04-25 (6 days behind)...
2026-04-30 06:16:45,197 - INFO - [123/503] CAG updated - 3 new rows (total: 754)
2026-04-30 06:16:45,712 - INFO - [124/503] COP - updating from 2026-04-25 (6 days behind)...
2026-04-30 06:16:45,857 - INFO - [124/503] COP updated - 3 new rows (total: 754)
2026-04-30 06:16:46,374 - INFO - [125/503] ED - updating from 2026-04-25 (6 days behind)...
2026-04-30 06:16:46,553 - INFO - [125/503] ED updated - 3 new rows (total: 754)
2026-04-30 06:16:47,067 - INFO - [126/503] STZ - updating from 2026-04-25 (6 days behind)...
2026-04-30 06:16:47,173 - INFO - [126/503] STZ updated - 3 new rows (total: 754)
2026-04-30 06:16:47,690 - INFO - [127/503] CEG - updating from 2026-04-25 (6 days behind)...
2026-04-30 06:16:47,793 - INFO - [127/503] CEG updated - 3 new rows (total: 754)
2026-04-30 06:16:48,308 - INFO - [128/503] COO - updating from 2026-04-25 (6 days behind)...
2026-04-30 06:16:48,456 - INFO - [128/503] COO updated - 3 new rows (total: 754)
2026-04-30 06:16:48,971 - INFO - [129/503] CPRT - updating from 2026-04-25 (6 days behind)...
2026-04-30 06:16:49,076 - INFO - [129/503] CPRT updated - 3 new rows (total: 754)
2026-04-30 06:16:49,595 - INFO - [130/503] GLW - updating from 2026-04-25 (6 days behind)...
2026-04-30 06:16:49,760 - INFO - [130/503] GLW updated - 3 new rows (total: 754)
2026-04-30 06:16:50,278 - INFO - [131/503] CPAY - updating from 2026-04-25 (6 days behind)...
2026-04-30 06:16:50,372 - INFO - [131/503] CPAY updated - 3 new rows (total: 754)
2026-04-30 06:16:50,887 - INFO - [132/503] CTVA - updating from 2026-04-25 (6 days behind)...
2026-04-30 06:16:50,982 - INFO - [132/503] CTVA updated - 3 new rows (total: 754)
2026-04-30 06:16:51,499 - INFO - [133/503] CSGP - updating from 2026-04-25 (6 days behind)...
2026-04-30 06:16:51,593 - INFO - [133/503] CSGP updated - 3 new rows (total: 754)
2026-04-30 06:16:52,108 - INFO - [134/503] COST - updating from 2026-04-25 (6 days behind)...
2026-04-30 06:16:52,222 - INFO - [134/503] COST updated - 3 new rows (total: 754)
2026-04-30 06:16:52,745 - INFO - [135/503] CTRA - updating from 2026-04-25 (6 days behind)...
2026-04-30 06:16:52,873 - INFO - [135/503] CTRA updated - 3 new rows (total: 754)
2026-04-30 06:16:53,387 - INFO - [136/503] CRH - updating from 2026-04-25 (6 days behind)...
2026-04-30 06:16:53,518 - INFO - [136/503] CRH updated - 3 new rows (total: 754)
2026-04-30 06:16:54,032 - INFO - [137/503] CRWD - updating from 2026-04-25 (6 days behind)...
2026-04-30 06:16:54,118 - INFO - [137/503] CRWD updated - 3 new rows (total: 754)
2026-04-30 06:16:54,633 - INFO - [138/503] CCI - updating from 2026-04-25 (6 days behind)...
2026-04-30 06:16:54,739 - INFO - [138/503] CCI updated - 3 new rows (total: 754)
2026-04-30 06:16:55,253 - INFO - [139/503] CSX - updating from 2026-04-25 (6 days behind)...
2026-04-30 06:16:55,415 - INFO - [139/503] CSX updated - 3 new rows (total: 754)
2026-04-30 06:16:55,931 - INFO - [140/503] CMI - updating from 2026-04-25 (6 days behind)...
2026-04-30 06:16:56,076 - INFO - [140/503] CMI updated - 3 new rows (total: 754)
2026-04-30 06:16:56,592 - INFO - [141/503] CVS - updating from 2026-04-25 (6 days behind)...
2026-04-30 06:16:56,742 - INFO - [141/503] CVS updated - 3 new rows (total: 754)
2026-04-30 06:16:57,258 - INFO - [142/503] DHR - updating from 2026-04-25 (6 days behind)...
2026-04-30 06:16:57,393 - INFO - [142/503] DHR updated - 3 new rows (total: 754)
2026-04-30 06:16:57,908 - INFO - [143/503] DRI - updating from 2026-04-25 (6 days behind)...
2026-04-30 06:16:58,033 - INFO - [143/503] DRI updated - 3 new rows (total: 754)
2026-04-30 06:16:58,547 - INFO - [144/503] DDOG - updating from 2026-04-25 (6 days behind)...
2026-04-30 06:16:58,640 - INFO - [144/503] DDOG updated - 3 new rows (total: 754)
2026-04-30 06:16:59,155 - INFO - [145/503] DVA - updating from 2026-04-25 (6 days behind)...
2026-04-30 06:16:59,251 - INFO - [145/503] DVA updated - 3 new rows (total: 754)
2026-04-30 06:16:59,766 - INFO - [146/503] DECK - updating from 2026-04-25 (6 days behind)...
2026-04-30 06:16:59,858 - INFO - [146/503] DECK updated - 3 new rows (total: 754)
2026-04-30 06:17:00,371 - INFO - [147/503] DE - updating from 2026-04-25 (6 days behind)...
2026-04-30 06:17:00,518 - INFO - [147/503] DE updated - 3 new rows (total: 754)
2026-04-30 06:17:01,033 - INFO - [148/503] DELL - updating from 2026-04-25 (6 days behind)...
2026-04-30 06:17:01,158 - INFO - [148/503] DELL updated - 3 new rows (total: 754)
2026-04-30 06:17:01,676 - INFO - [149/503] DAL - updating from 2026-04-25 (6 days behind)...
2026-04-30 06:17:01,782 - INFO - [149/503] DAL updated - 3 new rows (total: 754)
2026-04-30 06:17:02,296 - INFO - [150/503] DVN - updating from 2026-04-25 (6 days behind)...
2026-04-30 06:17:02,437 - INFO - [150/503] DVN updated - 3 new rows (total: 754)
2026-04-30 06:17:02,952 - INFO - [151/503] DXCM - updating from 2026-04-25 (6 days behind)...
2026-04-30 06:17:03,065 - INFO - [151/503] DXCM updated - 3 new rows (total: 754)
2026-04-30 06:17:03,581 - INFO - [152/503] FANG - updating from 2026-04-25 (6 days behind)...
2026-04-30 06:17:03,687 - INFO - [152/503] FANG updated - 3 new rows (total: 754)
2026-04-30 06:17:04,199 - INFO - [153/503] DLR - updating from 2026-04-25 (6 days behind)...
2026-04-30 06:17:04,399 - INFO - [153/503] DLR updated - 3 new rows (total: 754)
2026-04-30 06:17:04,914 - INFO - [154/503] DG - updating from 2026-04-25 (6 days behind)...
2026-04-30 06:17:05,031 - INFO - [154/503] DG updated - 3 new rows (total: 754)
2026-04-30 06:17:05,546 - INFO - [155/503] DLTR - updating from 2026-04-25 (6 days behind)...
2026-04-30 06:17:05,640 - INFO - [155/503] DLTR updated - 3 new rows (total: 754)
2026-04-30 06:17:06,154 - INFO - [156/503] D - updating from 2026-04-25 (6 days behind)...
2026-04-30 06:17:06,288 - INFO - [156/503] D updated - 3 new rows (total: 754)
2026-04-30 06:17:06,804 - INFO - [157/503] DPZ - updating from 2026-04-25 (6 days behind)...
2026-04-30 06:17:06,917 - INFO - [157/503] DPZ updated - 3 new rows (total: 754)
2026-04-30 06:17:07,448 - INFO - [158/503] DASH - updating from 2026-04-25 (6 days behind)...
2026-04-30 06:17:07,542 - INFO - [158/503] DASH updated - 3 new rows (total: 754)
2026-04-30 06:17:08,059 - INFO - [159/503] DOV - updating from 2026-04-25 (6 days behind)...
2026-04-30 06:17:08,206 - INFO - [159/503] DOV updated - 3 new rows (total: 754)
2026-04-30 06:17:08,720 - INFO - [160/503] DOW - updating from 2026-04-25 (6 days behind)...
2026-04-30 06:17:08,824 - INFO - [160/503] DOW updated - 3 new rows (total: 754)
2026-04-30 06:17:09,341 - INFO - [161/503] DHI - updating from 2026-04-25 (6 days behind)...
2026-04-30 06:17:09,494 - INFO - [161/503] DHI updated - 3 new rows (total: 754)
2026-04-30 06:17:10,008 - INFO - [162/503] DTE - updating from 2026-04-25 (6 days behind)...
2026-04-30 06:17:10,180 - INFO - [162/503] DTE updated - 3 new rows (total: 754)
2026-04-30 06:17:10,692 - INFO - [163/503] DUK - updating from 2026-04-25 (6 days behind)...
2026-04-30 06:17:11,087 - INFO - [163/503] DUK updated - 3 new rows (total: 754)
2026-04-30 06:17:11,604 - INFO - [164/503] DD - updating from 2026-04-25 (6 days behind)...
2026-04-30 06:17:11,782 - INFO - [164/503] DD updated - 3 new rows (total: 754)
2026-04-30 06:17:12,298 - INFO - [165/503] ETN - updating from 2026-04-25 (6 days behind)...
2026-04-30 06:17:12,506 - INFO - [165/503] ETN updated - 3 new rows (total: 754)
2026-04-30 06:17:13,023 - INFO - [166/503] EBAY - updating from 2026-04-25 (6 days behind)...
2026-04-30 06:17:13,127 - INFO - [166/503] EBAY updated - 3 new rows (total: 754)
2026-04-30 06:17:13,642 - INFO - [167/503] SATS - updating from 2026-04-25 (6 days behind)...
2026-04-30 06:17:13,745 - INFO - [167/503] SATS updated - 3 new rows (total: 754)
2026-04-30 06:17:14,260 - INFO - [168/503] ECL - updating from 2026-04-25 (6 days behind)...
2026-04-30 06:17:14,405 - INFO - [168/503] ECL updated - 3 new rows (total: 754)
2026-04-30 06:17:14,920 - INFO - [169/503] EIX - updating from 2026-04-25 (6 days behind)...
2026-04-30 06:17:15,088 - INFO - [169/503] EIX updated - 3 new rows (total: 754)
2026-04-30 06:17:15,602 - INFO - [170/503] EW - updating from 2026-04-25 (6 days behind)...
2026-04-30 06:17:15,694 - INFO - [170/503] EW updated - 3 new rows (total: 754)
2026-04-30 06:17:16,209 - INFO - [171/503] EA - updating from 2026-04-25 (6 days behind)...
2026-04-30 06:17:16,329 - INFO - [171/503] EA updated - 3 new rows (total: 754)
2026-04-30 06:17:16,842 - INFO - [172/503] ELV - updating from 2026-04-25 (6 days behind)...
2026-04-30 06:17:16,956 - INFO - [172/503] ELV updated - 3 new rows (total: 754)
2026-04-30 06:17:17,475 - INFO - [173/503] EME - updating from 2026-04-25 (6 days behind)...
2026-04-30 06:17:17,613 - INFO - [173/503] EME updated - 3 new rows (total: 754)
2026-04-30 06:17:18,127 - INFO - [174/503] EMR - updating from 2026-04-25 (6 days behind)...
2026-04-30 06:17:18,521 - INFO - [174/503] EMR updated - 3 new rows (total: 754)
2026-04-30 06:17:19,039 - INFO - [175/503] ETR - updating from 2026-04-25 (6 days behind)...
2026-04-30 06:17:19,298 - INFO - [175/503] ETR updated - 3 new rows (total: 754)
2026-04-30 06:17:19,821 - INFO - [176/503] EOG - updating from 2026-04-25 (6 days behind)...
2026-04-30 06:17:19,977 - INFO - [176/503] EOG updated - 3 new rows (total: 754)
2026-04-30 06:17:20,496 - INFO - [177/503] EPAM - updating from 2026-04-25 (6 days behind)...
2026-04-30 06:17:20,677 - INFO - [177/503] EPAM updated - 3 new rows (total: 754)
2026-04-30 06:17:21,195 - INFO - [178/503] EQT - updating from 2026-04-25 (6 days behind)...
2026-04-30 06:17:21,331 - INFO - [178/503] EQT updated - 3 new rows (total: 754)
2026-04-30 06:17:21,848 - INFO - [179/503] EFX - updating from 2026-04-25 (6 days behind)...
2026-04-30 06:17:21,985 - INFO - [179/503] EFX updated - 3 new rows (total: 754)
2026-04-30 06:17:22,499 - INFO - [180/503] EQIX - updating from 2026-04-25 (6 days behind)...
2026-04-30 06:17:22,601 - INFO - [180/503] EQIX updated - 3 new rows (total: 754)
2026-04-30 06:17:23,118 - INFO - [181/503] EQR - updating from 2026-04-25 (6 days behind)...
2026-04-30 06:17:23,275 - INFO - [181/503] EQR updated - 3 new rows (total: 754)
2026-04-30 06:17:23,789 - INFO - [182/503] ERIE - updating from 2026-04-25 (6 days behind)...
2026-04-30 06:17:23,932 - INFO - [182/503] ERIE updated - 3 new rows (total: 754)
2026-04-30 06:17:24,446 - INFO - [183/503] ESS - updating from 2026-04-25 (6 days behind)...
2026-04-30 06:17:24,563 - INFO - [183/503] ESS updated - 3 new rows (total: 754)
2026-04-30 06:17:25,080 - INFO - [184/503] EL - updating from 2026-04-25 (6 days behind)...
2026-04-30 06:17:25,225 - INFO - [184/503] EL updated - 3 new rows (total: 754)
2026-04-30 06:17:25,740 - INFO - [185/503] EG - updating from 2026-04-25 (6 days behind)...
2026-04-30 06:17:25,864 - INFO - [185/503] EG updated - 3 new rows (total: 754)
2026-04-30 06:17:26,379 - INFO - [186/503] EVRG - updating from 2026-04-25 (6 days behind)...
2026-04-30 06:17:26,608 - INFO - [186/503] EVRG updated - 3 new rows (total: 754)
2026-04-30 06:17:27,122 - INFO - [187/503] ES - updating from 2026-04-25 (6 days behind)...
2026-04-30 06:17:27,291 - INFO - [187/503] ES updated - 3 new rows (total: 754)
2026-04-30 06:17:27,805 - INFO - [188/503] EXC - updating from 2026-04-25 (6 days behind)...
2026-04-30 06:17:27,990 - INFO - [188/503] EXC updated - 3 new rows (total: 754)
2026-04-30 06:17:28,506 - INFO - [189/503] EXE - updating from 2026-04-25 (6 days behind)...
2026-04-30 06:17:28,609 - INFO - [189/503] EXE updated - 3 new rows (total: 754)
2026-04-30 06:17:29,124 - INFO - [190/503] EXPE - updating from 2026-04-25 (6 days behind)...
2026-04-30 06:17:29,234 - INFO - [190/503] EXPE updated - 3 new rows (total: 754)
2026-04-30 06:17:29,751 - INFO - [191/503] EXPD - updating from 2026-04-25 (6 days behind)...
2026-04-30 06:17:29,927 - INFO - [191/503] EXPD updated - 3 new rows (total: 754)
2026-04-30 06:17:30,441 - INFO - [192/503] EXR - updating from 2026-04-25 (6 days behind)...
2026-04-30 06:17:30,569 - INFO - [192/503] EXR updated - 3 new rows (total: 754)
2026-04-30 06:17:31,087 - INFO - [193/503] XOM - updating from 2026-04-25 (6 days behind)...
2026-04-30 06:17:31,275 - INFO - [193/503] XOM updated - 3 new rows (total: 754)
2026-04-30 06:17:31,788 - INFO - [194/503] FFIV - updating from 2026-04-25 (6 days behind)...
2026-04-30 06:17:31,880 - INFO - [194/503] FFIV updated - 3 new rows (total: 754)
2026-04-30 06:17:32,396 - INFO - [195/503] FDS - updating from 2026-04-25 (6 days behind)...
2026-04-30 06:17:32,551 - INFO - [195/503] FDS updated - 3 new rows (total: 754)
2026-04-30 06:17:33,065 - INFO - [196/503] FICO - updating from 2026-04-25 (6 days behind)...
2026-04-30 06:17:33,203 - INFO - [196/503] FICO updated - 3 new rows (total: 754)
2026-04-30 06:17:33,718 - INFO - [197/503] FAST - updating from 2026-04-25 (6 days behind)...
2026-04-30 06:17:33,854 - INFO - [197/503] FAST updated - 3 new rows (total: 754)
2026-04-30 06:17:34,368 - INFO - [198/503] FRT - updating from 2026-04-25 (6 days behind)...
2026-04-30 06:17:34,518 - INFO - [198/503] FRT updated - 3 new rows (total: 754)
2026-04-30 06:17:35,034 - INFO - [199/503] FDX - updating from 2026-04-25 (6 days behind)...
2026-04-30 06:17:35,180 - INFO - [199/503] FDX updated - 3 new rows (total: 754)
2026-04-30 06:17:35,696 - INFO - [200/503] FIS - updating from 2026-04-25 (6 days behind)...
2026-04-30 06:17:35,821 - INFO - [200/503] FIS updated - 3 new rows (total: 754)
2026-04-30 06:17:36,340 - INFO - [201/503] FITB - updating from 2026-04-25 (6 days behind)...
2026-04-30 06:17:36,571 - INFO - [201/503] FITB updated - 3 new rows (total: 754)
2026-04-30 06:17:37,090 - INFO - [202/503] FSLR - updating from 2026-04-25 (6 days behind)...
2026-04-30 06:17:37,184 - INFO - [202/503] FSLR updated - 3 new rows (total: 754)
2026-04-30 06:17:37,698 - INFO - [203/503] FE - updating from 2026-04-25 (6 days behind)...
2026-04-30 06:17:37,817 - INFO - [203/503] FE updated - 3 new rows (total: 754)
2026-04-30 06:17:38,332 - INFO - [204/503] FISV - updating from 2026-04-25 (6 days behind)...
2026-04-30 06:17:38,425 - INFO - [204/503] FISV updated - 3 new rows (total: 753)
2026-04-30 06:17:38,941 - INFO - [205/503] F - updating from 2026-04-25 (6 days behind)...
2026-04-30 06:17:39,104 - INFO - [205/503] F updated - 3 new rows (total: 754)
2026-04-30 06:17:39,629 - INFO - [206/503] FTNT - updating from 2026-04-25 (6 days behind)...
2026-04-30 06:17:39,725 - INFO - [206/503] FTNT updated - 3 new rows (total: 754)
2026-04-30 06:17:40,241 - INFO - [207/503] FTV - updating from 2026-04-25 (6 days behind)...
2026-04-30 06:17:40,344 - INFO - [207/503] FTV updated - 3 new rows (total: 754)
2026-04-30 06:17:40,864 - INFO - [208/503] FOXA - updating from 2026-04-25 (6 days behind)...
2026-04-30 06:17:40,960 - INFO - [208/503] FOXA updated - 3 new rows (total: 754)
2026-04-30 06:17:41,472 - INFO - [209/503] FOX - updating from 2026-04-25 (6 days behind)...
2026-04-30 06:17:41,565 - INFO - [209/503] FOX updated - 3 new rows (total: 754)
2026-04-30 06:17:42,083 - INFO - [210/503] BEN - updating from 2026-04-25 (6 days behind)...
2026-04-30 06:17:42,325 - INFO - [210/503] BEN updated - 3 new rows (total: 754)
2026-04-30 06:17:42,841 - INFO - [211/503] FCX - updating from 2026-04-25 (6 days behind)...
2026-04-30 06:17:43,039 - INFO - [211/503] FCX updated - 3 new rows (total: 754)
2026-04-30 06:17:43,553 - INFO - [212/503] GRMN - updating from 2026-04-25 (6 days behind)...
2026-04-30 06:17:43,681 - INFO - [212/503] GRMN updated - 3 new rows (total: 754)
2026-04-30 06:17:44,195 - INFO - [213/503] IT - updating from 2026-04-25 (6 days behind)...
2026-04-30 06:17:44,298 - INFO - [213/503] IT updated - 3 new rows (total: 754)
2026-04-30 06:17:44,813 - INFO - [214/503] GE - updating from 2026-04-25 (6 days behind)...
2026-04-30 06:17:45,011 - INFO - [214/503] GE updated - 3 new rows (total: 754)
2026-04-30 06:17:45,526 - INFO - [215/503] GEHC - updating from 2026-04-25 (6 days behind)...
2026-04-30 06:17:45,622 - INFO - [215/503] GEHC updated - 3 new rows (total: 754)
2026-04-30 06:17:46,135 - INFO - [216/503] GEV - updating from 2026-04-25 (6 days behind)...
2026-04-30 06:17:46,226 - INFO - [216/503] GEV updated - 3 new rows (total: 523)
2026-04-30 06:17:46,740 - INFO - [217/503] GEN - updating from 2026-04-25 (6 days behind)...
2026-04-30 06:17:46,858 - INFO - [217/503] GEN updated - 3 new rows (total: 754)
2026-04-30 06:17:47,375 - INFO - [218/503] GNRC - updating from 2026-04-25 (6 days behind)...
2026-04-30 06:17:47,491 - INFO - [218/503] GNRC updated - 3 new rows (total: 754)
2026-04-30 06:17:48,007 - INFO - [219/503] GD - updating from 2026-04-25 (6 days behind)...
2026-04-30 06:17:48,183 - INFO - [219/503] GD updated - 3 new rows (total: 754)
2026-04-30 06:17:48,698 - INFO - [220/503] GIS - updating from 2026-04-25 (6 days behind)...
2026-04-30 06:17:48,844 - INFO - [220/503] GIS updated - 3 new rows (total: 754)
2026-04-30 06:17:49,361 - INFO - [221/503] GM - updating from 2026-04-25 (6 days behind)...
2026-04-30 06:17:49,465 - INFO - [221/503] GM updated - 3 new rows (total: 754)
2026-04-30 06:17:49,980 - INFO - [222/503] GPC - updating from 2026-04-25 (6 days behind)...
2026-04-30 06:17:50,125 - INFO - [222/503] GPC updated - 3 new rows (total: 754)
2026-04-30 06:17:50,640 - INFO - [223/503] GILD - updating from 2026-04-25 (6 days behind)...
2026-04-30 06:17:50,758 - INFO - [223/503] GILD updated - 3 new rows (total: 754)
2026-04-30 06:17:51,274 - INFO - [224/503] GPN - updating from 2026-04-25 (6 days behind)...
2026-04-30 06:17:51,389 - INFO - [224/503] GPN updated - 3 new rows (total: 754)
2026-04-30 06:17:51,908 - INFO - [225/503] GL - updating from 2026-04-25 (6 days behind)...
2026-04-30 06:17:52,046 - INFO - [225/503] GL updated - 3 new rows (total: 754)
2026-04-30 06:17:52,560 - INFO - [226/503] GDDY - updating from 2026-04-25 (6 days behind)...
2026-04-30 06:17:52,738 - INFO - [226/503] GDDY updated - 3 new rows (total: 754)
2026-04-30 06:17:53,256 - INFO - [227/503] GS - updating from 2026-04-25 (6 days behind)...
2026-04-30 06:17:53,379 - INFO - [227/503] GS updated - 3 new rows (total: 754)
2026-04-30 06:17:53,895 - INFO - [228/503] HAL - updating from 2026-04-25 (6 days behind)...
2026-04-30 06:17:54,086 - INFO - [228/503] HAL updated - 3 new rows (total: 754)
2026-04-30 06:17:54,603 - INFO - [229/503] HIG - updating from 2026-04-25 (6 days behind)...
2026-04-30 06:17:54,730 - INFO - [229/503] HIG updated - 3 new rows (total: 754)
2026-04-30 06:17:55,250 - INFO - [230/503] HAS - updating from 2026-04-25 (6 days behind)...
2026-04-30 06:17:55,400 - INFO - [230/503] HAS updated - 3 new rows (total: 754)
2026-04-30 06:17:55,916 - INFO - [231/503] HCA - updating from 2026-04-25 (6 days behind)...
2026-04-30 06:17:56,031 - INFO - [231/503] HCA updated - 3 new rows (total: 754)
2026-04-30 06:17:56,582 - INFO - [232/503] DOC - updating from 2026-04-25 (6 days behind)...
2026-04-30 06:17:56,718 - INFO - [232/503] DOC updated - 3 new rows (total: 754)
2026-04-30 06:17:57,236 - INFO - [233/503] HSIC - updating from 2026-04-25 (6 days behind)...
2026-04-30 06:17:57,335 - INFO - [233/503] HSIC updated - 3 new rows (total: 754)
2026-04-30 06:17:57,851 - INFO - [234/503] HSY - updating from 2026-04-25 (6 days behind)...
2026-04-30 06:17:57,989 - INFO - [234/503] HSY updated - 3 new rows (total: 754)
2026-04-30 06:17:58,502 - INFO - [235/503] HPE - updating from 2026-04-25 (6 days behind)...
2026-04-30 06:17:58,639 - INFO - [235/503] HPE updated - 3 new rows (total: 754)
2026-04-30 06:17:59,153 - INFO - [236/503] HLT - updating from 2026-04-25 (6 days behind)...
2026-04-30 06:17:59,256 - INFO - [236/503] HLT updated - 3 new rows (total: 754)
2026-04-30 06:17:59,774 - INFO - [237/503] HD - updating from 2026-04-25 (6 days behind)...
2026-04-30 06:17:59,904 - INFO - [237/503] HD updated - 3 new rows (total: 754)
2026-04-30 06:18:00,417 - INFO - [238/503] HON - updating from 2026-04-25 (6 days behind)...
2026-04-30 06:18:00,584 - INFO - [238/503] HON updated - 3 new rows (total: 754)
2026-04-30 06:18:01,101 - INFO - [239/503] HRL - updating from 2026-04-25 (6 days behind)...
2026-04-30 06:18:01,232 - INFO - [239/503] HRL updated - 3 new rows (total: 754)
2026-04-30 06:18:01,746 - INFO - [240/503] HST - updating from 2026-04-25 (6 days behind)...
2026-04-30 06:18:01,966 - INFO - [240/503] HST updated - 3 new rows (total: 754)
2026-04-30 06:18:02,480 - INFO - [241/503] HWM - updating from 2026-04-25 (6 days behind)...
2026-04-30 06:18:02,616 - INFO - [241/503] HWM updated - 3 new rows (total: 754)
2026-04-30 06:18:03,130 - INFO - [242/503] HPQ - updating from 2026-04-25 (6 days behind)...
2026-04-30 06:18:03,308 - INFO - [242/503] HPQ updated - 3 new rows (total: 754)
2026-04-30 06:18:03,823 - INFO - [243/503] HUBB - updating from 2026-04-25 (6 days behind)...
2026-04-30 06:18:03,958 - INFO - [243/503] HUBB updated - 3 new rows (total: 754)
2026-04-30 06:18:04,470 - INFO - [244/503] HUM - updating from 2026-04-25 (6 days behind)...
2026-04-30 06:18:04,608 - INFO - [244/503] HUM updated - 3 new rows (total: 754)
2026-04-30 06:18:05,123 - INFO - [245/503] HBAN - updating from 2026-04-25 (6 days behind)...
2026-04-30 06:18:05,262 - INFO - [245/503] HBAN updated - 3 new rows (total: 754)
2026-04-30 06:18:05,779 - INFO - [246/503] HII - updating from 2026-04-25 (6 days behind)...
2026-04-30 06:18:05,884 - INFO - [246/503] HII updated - 3 new rows (total: 754)
2026-04-30 06:18:06,401 - INFO - [247/503] IBM - updating from 2026-04-25 (6 days behind)...
2026-04-30 06:18:06,559 - INFO - [247/503] IBM updated - 3 new rows (total: 754)
2026-04-30 06:18:07,073 - INFO - [248/503] IEX - updating from 2026-04-25 (6 days behind)...
2026-04-30 06:18:07,208 - INFO - [248/503] IEX updated - 3 new rows (total: 754)
2026-04-30 06:18:07,722 - INFO - [249/503] IDXX - updating from 2026-04-25 (6 days behind)...
2026-04-30 06:18:07,815 - INFO - [249/503] IDXX updated - 3 new rows (total: 754)
2026-04-30 06:18:08,330 - INFO - [250/503] ITW - updating from 2026-04-25 (6 days behind)...
2026-04-30 06:18:08,464 - INFO - [250/503] ITW updated - 3 new rows (total: 754)
2026-04-30 06:18:08,979 - INFO - [251/503] INCY - updating from 2026-04-25 (6 days behind)...
2026-04-30 06:18:09,072 - INFO - [251/503] INCY updated - 3 new rows (total: 754)
2026-04-30 06:18:09,595 - INFO - [252/503] IR - updating from 2026-04-25 (6 days behind)...
2026-04-30 06:18:09,699 - INFO - [252/503] IR updated - 3 new rows (total: 754)
2026-04-30 06:18:10,213 - INFO - [253/503] PODD - updating from 2026-04-25 (6 days behind)...
2026-04-30 06:18:10,311 - INFO - [253/503] PODD updated - 3 new rows (total: 754)
2026-04-30 06:18:10,829 - INFO - [254/503] INTC - updating from 2026-04-25 (6 days behind)...
2026-04-30 06:18:10,959 - INFO - [254/503] INTC updated - 3 new rows (total: 754)
2026-04-30 06:18:11,474 - INFO - [255/503] IBKR - updating from 2026-04-25 (6 days behind)...
2026-04-30 06:18:11,600 - INFO - [255/503] IBKR updated - 3 new rows (total: 754)
2026-04-30 06:18:12,116 - INFO - [256/503] ICE - updating from 2026-04-25 (6 days behind)...
2026-04-30 06:18:12,257 - INFO - [256/503] ICE updated - 3 new rows (total: 754)
2026-04-30 06:18:12,773 - INFO - [257/503] IFF - updating from 2026-04-25 (6 days behind)...
2026-04-30 06:18:12,941 - INFO - [257/503] IFF updated - 3 new rows (total: 754)
2026-04-30 06:18:13,456 - INFO - [258/503] IP - updating from 2026-04-25 (6 days behind)...
2026-04-30 06:18:13,623 - INFO - [258/503] IP updated - 3 new rows (total: 754)
2026-04-30 06:18:14,136 - INFO - [259/503] INTU - updating from 2026-04-25 (6 days behind)...
2026-04-30 06:18:14,246 - INFO - [259/503] INTU updated - 3 new rows (total: 754)
2026-04-30 06:18:14,763 - INFO - [260/503] ISRG - updating from 2026-04-25 (6 days behind)...
2026-04-30 06:18:14,858 - INFO - [260/503] ISRG updated - 3 new rows (total: 754)
2026-04-30 06:18:15,373 - INFO - [261/503] IVZ - updating from 2026-04-25 (6 days behind)...
2026-04-30 06:18:15,490 - INFO - [261/503] IVZ updated - 3 new rows (total: 754)
2026-04-30 06:18:16,006 - INFO - [262/503] INVH - updating from 2026-04-25 (6 days behind)...
2026-04-30 06:18:16,110 - INFO - [262/503] INVH updated - 3 new rows (total: 754)
2026-04-30 06:18:16,624 - INFO - [263/503] IQV - updating from 2026-04-25 (6 days behind)...
2026-04-30 06:18:16,722 - INFO - [263/503] IQV updated - 3 new rows (total: 754)
2026-04-30 06:18:17,239 - INFO - [264/503] IRM - updating from 2026-04-25 (6 days behind)...
2026-04-30 06:18:17,358 - INFO - [264/503] IRM updated - 3 new rows (total: 754)
2026-04-30 06:18:17,872 - INFO - [265/503] JBHT - updating from 2026-04-25 (6 days behind)...
2026-04-30 06:18:18,010 - INFO - [265/503] JBHT updated - 3 new rows (total: 754)
2026-04-30 06:18:18,525 - INFO - [266/503] JBL - updating from 2026-04-25 (6 days behind)...
2026-04-30 06:18:18,642 - INFO - [266/503] JBL updated - 3 new rows (total: 754)
2026-04-30 06:18:19,156 - INFO - [267/503] JKHY - updating from 2026-04-25 (6 days behind)...
2026-04-30 06:18:19,346 - INFO - [267/503] JKHY updated - 3 new rows (total: 754)
2026-04-30 06:18:19,861 - INFO - [268/503] J - updating from 2026-04-25 (6 days behind)...
2026-04-30 06:18:19,965 - INFO - [268/503] J updated - 3 new rows (total: 754)
2026-04-30 06:18:20,481 - INFO - [269/503] JNJ - updating from 2026-04-25 (6 days behind)...
2026-04-30 06:18:20,643 - INFO - [269/503] JNJ updated - 3 new rows (total: 754)
2026-04-30 06:18:21,157 - INFO - [270/503] JCI - updating from 2026-04-25 (6 days behind)...
2026-04-30 06:18:21,301 - INFO - [270/503] JCI updated - 3 new rows (total: 754)
2026-04-30 06:18:21,820 - INFO - [271/503] JPM - updating from 2026-04-25 (6 days behind)...
2026-04-30 06:18:21,956 - INFO - [271/503] JPM updated - 3 new rows (total: 754)
2026-04-30 06:18:22,473 - INFO - [272/503] KVUE - updating from 2026-04-25 (6 days behind)...
2026-04-30 06:18:22,649 - INFO - [272/503] KVUE updated - 3 new rows (total: 748)
2026-04-30 06:18:23,167 - INFO - [273/503] KDP - updating from 2026-04-25 (6 days behind)...
2026-04-30 06:18:23,272 - INFO - [273/503] KDP updated - 3 new rows (total: 754)
2026-04-30 06:18:23,789 - INFO - [274/503] KEY - updating from 2026-04-25 (6 days behind)...
2026-04-30 06:18:23,926 - INFO - [274/503] KEY updated - 3 new rows (total: 754)
2026-04-30 06:18:24,441 - INFO - [275/503] KEYS - updating from 2026-04-25 (6 days behind)...
2026-04-30 06:18:24,540 - INFO - [275/503] KEYS updated - 3 new rows (total: 754)
2026-04-30 06:18:25,050 - INFO - [276/503] KMB - updating from 2026-04-25 (6 days behind)...
2026-04-30 06:18:25,185 - INFO - [276/503] KMB updated - 3 new rows (total: 754)
2026-04-30 06:18:25,699 - INFO - [277/503] KIM - updating from 2026-04-25 (6 days behind)...
2026-04-30 06:18:25,825 - INFO - [277/503] KIM updated - 3 new rows (total: 754)
2026-04-30 06:18:26,338 - INFO - [278/503] KMI - updating from 2026-04-25 (6 days behind)...
2026-04-30 06:18:26,445 - INFO - [278/503] KMI updated - 3 new rows (total: 754)
2026-04-30 06:18:26,958 - INFO - [279/503] KKR - updating from 2026-04-25 (6 days behind)...
2026-04-30 06:18:27,097 - INFO - [279/503] KKR updated - 3 new rows (total: 754)
2026-04-30 06:18:27,612 - INFO - [280/503] KLAC - updating from 2026-04-25 (6 days behind)...
2026-04-30 06:18:27,728 - INFO - [280/503] KLAC updated - 3 new rows (total: 754)
2026-04-30 06:18:28,241 - INFO - [281/503] KHC - updating from 2026-04-25 (6 days behind)...
2026-04-30 06:18:28,337 - INFO - [281/503] KHC updated - 3 new rows (total: 754)
2026-04-30 06:18:28,851 - INFO - [282/503] KR - updating from 2026-04-25 (6 days behind)...
2026-04-30 06:18:29,026 - INFO - [282/503] KR updated - 3 new rows (total: 754)
2026-04-30 06:18:29,541 - INFO - [283/503] LHX - updating from 2026-04-25 (6 days behind)...
2026-04-30 06:18:29,694 - INFO - [283/503] LHX updated - 3 new rows (total: 754)
2026-04-30 06:18:30,211 - INFO - [284/503] LH - updating from 2026-04-25 (6 days behind)...
2026-04-30 06:18:30,410 - INFO - [284/503] LH updated - 3 new rows (total: 754)
2026-04-30 06:18:30,922 - INFO - [285/503] LRCX - updating from 2026-04-25 (6 days behind)...
2026-04-30 06:18:31,028 - INFO - [285/503] LRCX updated - 3 new rows (total: 754)
2026-04-30 06:18:31,542 - INFO - [286/503] LVS - updating from 2026-04-25 (6 days behind)...
2026-04-30 06:18:31,657 - INFO - [286/503] LVS updated - 3 new rows (total: 754)
2026-04-30 06:18:32,172 - INFO - [287/503] LDOS - updating from 2026-04-25 (6 days behind)...
2026-04-30 06:18:32,277 - INFO - [287/503] LDOS updated - 3 new rows (total: 754)
2026-04-30 06:18:32,793 - INFO - [288/503] LEN - updating from 2026-04-25 (6 days behind)...
2026-04-30 06:18:32,961 - INFO - [288/503] LEN updated - 3 new rows (total: 754)
2026-04-30 06:18:33,474 - INFO - [289/503] LII - updating from 2026-04-25 (6 days behind)...
2026-04-30 06:18:33,599 - INFO - [289/503] LII updated - 3 new rows (total: 754)
2026-04-30 06:18:34,116 - INFO - [290/503] LLY - updating from 2026-04-25 (6 days behind)...
2026-04-30 06:18:34,274 - INFO - [290/503] LLY updated - 3 new rows (total: 754)
2026-04-30 06:18:34,790 - INFO - [291/503] LIN - updating from 2026-04-25 (6 days behind)...
2026-04-30 06:18:34,925 - INFO - [291/503] LIN updated - 3 new rows (total: 754)
2026-04-30 06:18:35,442 - INFO - [292/503] LYV - updating from 2026-04-25 (6 days behind)...
2026-04-30 06:18:35,537 - INFO - [292/503] LYV updated - 3 new rows (total: 754)
2026-04-30 06:18:36,051 - INFO - [293/503] LMT - updating from 2026-04-25 (6 days behind)...
2026-04-30 06:18:36,241 - INFO - [293/503] LMT updated - 3 new rows (total: 754)
2026-04-30 06:18:36,754 - INFO - [294/503] L - updating from 2026-04-25 (6 days behind)...
2026-04-30 06:18:36,888 - INFO - [294/503] L updated - 3 new rows (total: 754)
2026-04-30 06:18:37,403 - INFO - [295/503] LOW - updating from 2026-04-25 (6 days behind)...
2026-04-30 06:18:37,538 - INFO - [295/503] LOW updated - 3 new rows (total: 754)
2026-04-30 06:18:38,055 - INFO - [296/503] LULU - updating from 2026-04-25 (6 days behind)...
2026-04-30 06:18:38,147 - INFO - [296/503] LULU updated - 3 new rows (total: 754)
2026-04-30 06:18:38,661 - INFO - [297/503] LITE - updating from 2026-04-25 (6 days behind)...
2026-04-30 06:18:38,756 - INFO - [297/503] LITE updated - 3 new rows (total: 754)
2026-04-30 06:18:39,276 - INFO - [298/503] LYB - updating from 2026-04-25 (6 days behind)...
2026-04-30 06:18:39,391 - INFO - [298/503] LYB updated - 3 new rows (total: 754)
2026-04-30 06:18:39,905 - INFO - [299/503] MTB - updating from 2026-04-25 (6 days behind)...
2026-04-30 06:18:40,043 - INFO - [299/503] MTB updated - 3 new rows (total: 754)
2026-04-30 06:18:40,558 - INFO - [300/503] MPC - updating from 2026-04-25 (6 days behind)...
2026-04-30 06:18:40,662 - INFO - [300/503] MPC updated - 3 new rows (total: 754)
2026-04-30 06:18:41,177 - INFO - [301/503] MAR - updating from 2026-04-25 (6 days behind)...
2026-04-30 06:18:41,305 - INFO - [301/503] MAR updated - 3 new rows (total: 754)
2026-04-30 06:18:41,819 - INFO - [302/503] MRSH - updating from 2026-04-25 (6 days behind)...
2026-04-30 06:18:41,966 - INFO - [302/503] MRSH updated - 3 new rows (total: 754)
2026-04-30 06:18:42,481 - INFO - [303/503] MLM - updating from 2026-04-25 (6 days behind)...
2026-04-30 06:18:42,612 - INFO - [303/503] MLM updated - 3 new rows (total: 754)
2026-04-30 06:18:43,126 - INFO - [304/503] MAS - updating from 2026-04-25 (6 days behind)...
2026-04-30 06:18:43,270 - INFO - [304/503] MAS updated - 3 new rows (total: 754)
2026-04-30 06:18:43,788 - INFO - [305/503] MA - updating from 2026-04-25 (6 days behind)...
2026-04-30 06:18:43,905 - INFO - [305/503] MA updated - 3 new rows (total: 754)
2026-04-30 06:18:44,420 - INFO - [306/503] MKC - updating from 2026-04-25 (6 days behind)...
2026-04-30 06:18:44,556 - INFO - [306/503] MKC updated - 3 new rows (total: 754)
2026-04-30 06:18:45,069 - INFO - [307/503] MCD - updating from 2026-04-25 (6 days behind)...
2026-04-30 06:18:45,239 - INFO - [307/503] MCD updated - 3 new rows (total: 754)
2026-04-30 06:18:45,754 - INFO - [308/503] MCK - updating from 2026-04-25 (6 days behind)...
2026-04-30 06:18:45,882 - INFO - [308/503] MCK updated - 3 new rows (total: 754)
2026-04-30 06:18:46,397 - INFO - [309/503] MDT - updating from 2026-04-25 (6 days behind)...
2026-04-30 06:18:46,614 - INFO - [309/503] MDT updated - 3 new rows (total: 754)
2026-04-30 06:18:47,139 - INFO - [310/503] MRK - updating from 2026-04-25 (6 days behind)...
2026-04-30 06:18:47,347 - INFO - [310/503] MRK updated - 3 new rows (total: 754)
2026-04-30 06:18:47,862 - INFO - [311/503] META - updating from 2026-04-25 (6 days behind)...
2026-04-30 06:18:47,956 - INFO - [311/503] META updated - 3 new rows (total: 754)
2026-04-30 06:18:48,470 - INFO - [312/503] MET - updating from 2026-04-25 (6 days behind)...
2026-04-30 06:18:48,603 - INFO - [312/503] MET updated - 3 new rows (total: 754)
2026-04-30 06:18:49,117 - INFO - [313/503] MTD - updating from 2026-04-25 (6 days behind)...
2026-04-30 06:18:49,216 - INFO - [313/503] MTD updated - 3 new rows (total: 754)
2026-04-30 06:18:49,734 - INFO - [314/503] MGM - updating from 2026-04-25 (6 days behind)...
2026-04-30 06:18:49,864 - INFO - [314/503] MGM updated - 3 new rows (total: 754)
2026-04-30 06:18:50,377 - INFO - [315/503] MCHP - updating from 2026-04-25 (6 days behind)...
2026-04-30 06:18:50,493 - INFO - [315/503] MCHP updated - 3 new rows (total: 754)
2026-04-30 06:18:51,010 - INFO - [316/503] MU - updating from 2026-04-25 (6 days behind)...
2026-04-30 06:18:51,147 - INFO - [316/503] MU updated - 3 new rows (total: 754)
2026-04-30 06:18:51,663 - INFO - [317/503] MSFT - updating from 2026-04-25 (6 days behind)...
2026-04-30 06:18:51,785 - INFO - [317/503] MSFT updated - 3 new rows (total: 754)
2026-04-30 06:18:52,297 - INFO - [318/503] MAA - updating from 2026-04-25 (6 days behind)...
2026-04-30 06:18:52,431 - INFO - [318/503] MAA updated - 3 new rows (total: 754)
2026-04-30 06:18:52,947 - INFO - [319/503] MRNA - updating from 2026-04-25 (6 days behind)...
2026-04-30 06:18:53,042 - INFO - [319/503] MRNA updated - 3 new rows (total: 754)
2026-04-30 06:18:53,556 - INFO - [320/503] TAP - updating from 2026-04-25 (6 days behind)...
2026-04-30 06:18:53,694 - INFO - [320/503] TAP updated - 3 new rows (total: 754)
2026-04-30 06:18:54,209 - INFO - [321/503] MDLZ - updating from 2026-04-25 (6 days behind)...
2026-04-30 06:18:54,346 - INFO - [321/503] MDLZ updated - 3 new rows (total: 754)
2026-04-30 06:18:54,872 - INFO - [322/503] MPWR - updating from 2026-04-25 (6 days behind)...
2026-04-30 06:18:54,990 - INFO - [322/503] MPWR updated - 3 new rows (total: 754)
2026-04-30 06:18:55,508 - INFO - [323/503] MNST - updating from 2026-04-25 (6 days behind)...
2026-04-30 06:18:55,625 - INFO - [323/503] MNST updated - 3 new rows (total: 754)
2026-04-30 06:18:56,138 - INFO - [324/503] MCO - updating from 2026-04-25 (6 days behind)...
2026-04-30 06:18:56,286 - INFO - [324/503] MCO updated - 3 new rows (total: 754)
2026-04-30 06:18:56,800 - INFO - [325/503] MS - updating from 2026-04-25 (6 days behind)...
2026-04-30 06:18:56,944 - INFO - [325/503] MS updated - 3 new rows (total: 754)
2026-04-30 06:18:57,458 - INFO - [326/503] MOS - updating from 2026-04-25 (6 days behind)...
2026-04-30 06:18:57,594 - INFO - [326/503] MOS updated - 3 new rows (total: 754)
2026-04-30 06:18:58,108 - INFO - [327/503] MSI - updating from 2026-04-25 (6 days behind)...
2026-04-30 06:18:58,288 - INFO - [327/503] MSI updated - 3 new rows (total: 754)
2026-04-30 06:18:58,804 - INFO - [328/503] MSCI - updating from 2026-04-25 (6 days behind)...
2026-04-30 06:18:58,907 - INFO - [328/503] MSCI updated - 3 new rows (total: 754)
2026-04-30 06:18:59,421 - INFO - [329/503] NDAQ - updating from 2026-04-25 (6 days behind)...
2026-04-30 06:18:59,538 - INFO - [329/503] NDAQ updated - 3 new rows (total: 754)
2026-04-30 06:19:00,053 - INFO - [330/503] NTAP - updating from 2026-04-25 (6 days behind)...
2026-04-30 06:19:00,161 - INFO - [330/503] NTAP updated - 3 new rows (total: 754)
2026-04-30 06:19:00,673 - INFO - [331/503] NFLX - updating from 2026-04-25 (6 days behind)...
2026-04-30 06:19:00,769 - INFO - [331/503] NFLX updated - 3 new rows (total: 754)
2026-04-30 06:19:01,281 - INFO - [332/503] NEM - updating from 2026-04-25 (6 days behind)...
2026-04-30 06:19:01,415 - INFO - [332/503] NEM updated - 3 new rows (total: 754)
2026-04-30 06:19:01,958 - INFO - [333/503] NWSA - updating from 2026-04-25 (6 days behind)...
2026-04-30 06:19:02,062 - INFO - [333/503] NWSA updated - 3 new rows (total: 754)
2026-04-30 06:19:02,577 - INFO - [334/503] NWS - updating from 2026-04-25 (6 days behind)...
2026-04-30 06:19:02,696 - INFO - [334/503] NWS updated - 3 new rows (total: 754)
2026-04-30 06:19:03,210 - INFO - [335/503] NEE - updating from 2026-04-25 (6 days behind)...
2026-04-30 06:19:03,368 - INFO - [335/503] NEE updated - 3 new rows (total: 754)
2026-04-30 06:19:03,881 - INFO - [336/503] NKE - updating from 2026-04-25 (6 days behind)...
2026-04-30 06:19:04,008 - INFO - [336/503] NKE updated - 3 new rows (total: 754)
2026-04-30 06:19:04,522 - INFO - [337/503] NI - updating from 2026-04-25 (6 days behind)...
2026-04-30 06:19:04,661 - INFO - [337/503] NI updated - 3 new rows (total: 754)
2026-04-30 06:19:05,174 - INFO - [338/503] NDSN - updating from 2026-04-25 (6 days behind)...
2026-04-30 06:19:05,327 - INFO - [338/503] NDSN updated - 3 new rows (total: 754)
2026-04-30 06:19:05,840 - INFO - [339/503] NSC - updating from 2026-04-25 (6 days behind)...
2026-04-30 06:19:05,970 - INFO - [339/503] NSC updated - 3 new rows (total: 754)
2026-04-30 06:19:06,493 - INFO - [340/503] NTRS - updating from 2026-04-25 (6 days behind)...
2026-04-30 06:19:06,635 - INFO - [340/503] NTRS updated - 3 new rows (total: 754)
2026-04-30 06:19:07,151 - INFO - [341/503] NOC - updating from 2026-04-25 (6 days behind)...
2026-04-30 06:19:07,300 - INFO - [341/503] NOC updated - 3 new rows (total: 754)
2026-04-30 06:19:07,813 - INFO - [342/503] NCLH - updating from 2026-04-25 (6 days behind)...
2026-04-30 06:19:07,909 - INFO - [342/503] NCLH updated - 3 new rows (total: 754)
2026-04-30 06:19:08,423 - INFO - [343/503] NRG - updating from 2026-04-25 (6 days behind)...
2026-04-30 06:19:08,538 - INFO - [343/503] NRG updated - 3 new rows (total: 754)
2026-04-30 06:19:09,058 - INFO - [344/503] NUE - updating from 2026-04-25 (6 days behind)...
2026-04-30 06:19:09,219 - INFO - [344/503] NUE updated - 3 new rows (total: 754)
2026-04-30 06:19:09,734 - INFO - [345/503] NVDA - updating from 2026-04-25 (6 days behind)...
2026-04-30 06:19:09,849 - INFO - [345/503] NVDA updated - 3 new rows (total: 754)
2026-04-30 06:19:10,366 - INFO - [346/503] NVR - updating from 2026-04-25 (6 days behind)...
2026-04-30 06:19:10,462 - INFO - [346/503] NVR updated - 3 new rows (total: 754)
2026-04-30 06:19:10,978 - INFO - [347/503] NXPI - updating from 2026-04-25 (6 days behind)...
2026-04-30 06:19:11,083 - INFO - [347/503] NXPI updated - 3 new rows (total: 754)
2026-04-30 06:19:11,596 - INFO - [348/503] ORLY - updating from 2026-04-25 (6 days behind)...
2026-04-30 06:19:11,689 - INFO - [348/503] ORLY updated - 3 new rows (total: 754)
2026-04-30 06:19:12,194 - INFO - [349/503] OXY - updating from 2026-04-25 (6 days behind)...
2026-04-30 06:19:12,357 - INFO - [349/503] OXY updated - 3 new rows (total: 754)
2026-04-30 06:19:12,871 - INFO - [350/503] ODFL - updating from 2026-04-25 (6 days behind)...
2026-04-30 06:19:12,975 - INFO - [350/503] ODFL updated - 3 new rows (total: 754)
2026-04-30 06:19:13,493 - INFO - [351/503] OMC - updating from 2026-04-25 (6 days behind)...
2026-04-30 06:19:13,628 - INFO - [351/503] OMC updated - 3 new rows (total: 754)
2026-04-30 06:19:14,142 - INFO - [352/503] ON - updating from 2026-04-25 (6 days behind)...
2026-04-30 06:19:14,248 - INFO - [352/503] ON updated - 3 new rows (total: 754)
2026-04-30 06:19:14,763 - INFO - [353/503] OKE - updating from 2026-04-25 (6 days behind)...
2026-04-30 06:19:14,900 - INFO - [353/503] OKE updated - 3 new rows (total: 754)
2026-04-30 06:19:15,415 - INFO - [354/503] ORCL - updating from 2026-04-25 (6 days behind)...
2026-04-30 06:19:15,524 - INFO - [354/503] ORCL updated - 3 new rows (total: 754)
2026-04-30 06:19:16,039 - INFO - [355/503] OTIS - updating from 2026-04-25 (6 days behind)...
2026-04-30 06:19:16,144 - INFO - [355/503] OTIS updated - 3 new rows (total: 754)
2026-04-30 06:19:16,659 - INFO - [356/503] PCAR - updating from 2026-04-25 (6 days behind)...
2026-04-30 06:19:16,807 - INFO - [356/503] PCAR updated - 3 new rows (total: 754)
2026-04-30 06:19:17,327 - INFO - [357/503] PKG - updating from 2026-04-25 (6 days behind)...
2026-04-30 06:19:17,536 - INFO - [357/503] PKG updated - 3 new rows (total: 754)
2026-04-30 06:19:18,050 - INFO - [358/503] PLTR - updating from 2026-04-25 (6 days behind)...
2026-04-30 06:19:18,229 - INFO - [358/503] PLTR updated - 3 new rows (total: 754)
2026-04-30 06:19:18,745 - INFO - [359/503] PANW - updating from 2026-04-25 (6 days behind)...
2026-04-30 06:19:18,839 - INFO - [359/503] PANW updated - 3 new rows (total: 754)
2026-04-30 06:19:19,353 - INFO - [360/503] PSKY - updating from 2026-04-25 (6 days behind)...
2026-04-30 06:19:19,465 - INFO - [360/503] PSKY updated - 3 new rows (total: 754)
2026-04-30 06:19:19,981 - INFO - [361/503] PH - updating from 2026-04-25 (6 days behind)...
2026-04-30 06:19:20,131 - INFO - [361/503] PH updated - 3 new rows (total: 754)
2026-04-30 06:19:20,650 - INFO - [362/503] PAYX - updating from 2026-04-25 (6 days behind)...
2026-04-30 06:19:20,803 - INFO - [362/503] PAYX updated - 3 new rows (total: 754)
2026-04-30 06:19:21,320 - INFO - [363/503] PYPL - updating from 2026-04-25 (6 days behind)...
2026-04-30 06:19:21,413 - INFO - [363/503] PYPL updated - 3 new rows (total: 754)
2026-04-30 06:19:21,926 - INFO - [364/503] PNR - updating from 2026-04-25 (6 days behind)...
2026-04-30 06:19:22,150 - INFO - [364/503] PNR updated - 3 new rows (total: 754)
2026-04-30 06:19:22,667 - INFO - [365/503] PEP - updating from 2026-04-25 (6 days behind)...
2026-04-30 06:19:22,835 - INFO - [365/503] PEP updated - 3 new rows (total: 754)
2026-04-30 06:19:23,349 - INFO - [366/503] PFE - updating from 2026-04-25 (6 days behind)...
2026-04-30 06:19:23,549 - INFO - [366/503] PFE updated - 3 new rows (total: 754)
2026-04-30 06:19:24,061 - INFO - [367/503] PCG - updating from 2026-04-25 (6 days behind)...
2026-04-30 06:19:24,228 - INFO - [367/503] PCG updated - 3 new rows (total: 754)
2026-04-30 06:19:24,743 - INFO - [368/503] PM - updating from 2026-04-25 (6 days behind)...
2026-04-30 06:19:24,870 - INFO - [368/503] PM updated - 3 new rows (total: 754)
2026-04-30 06:19:25,386 - INFO - [369/503] PSX - updating from 2026-04-25 (6 days behind)...
2026-04-30 06:19:25,492 - INFO - [369/503] PSX updated - 3 new rows (total: 754)
2026-04-30 06:19:26,018 - INFO - [370/503] PNW - updating from 2026-04-25 (6 days behind)...
2026-04-30 06:19:26,225 - INFO - [370/503] PNW updated - 3 new rows (total: 754)
2026-04-30 06:19:26,741 - INFO - [371/503] PNC - updating from 2026-04-25 (6 days behind)...
2026-04-30 06:19:26,892 - INFO - [371/503] PNC updated - 3 new rows (total: 754)
2026-04-30 06:19:27,406 - INFO - [372/503] POOL - updating from 2026-04-25 (6 days behind)...
2026-04-30 06:19:27,522 - INFO - [372/503] POOL updated - 3 new rows (total: 754)
2026-04-30 06:19:28,036 - INFO - [373/503] PPG - updating from 2026-04-25 (6 days behind)...
2026-04-30 06:19:28,181 - INFO - [373/503] PPG updated - 3 new rows (total: 754)
2026-04-30 06:19:28,696 - INFO - [374/503] PPL - updating from 2026-04-25 (6 days behind)...
2026-04-30 06:19:28,853 - INFO - [374/503] PPL updated - 3 new rows (total: 754)
2026-04-30 06:19:29,371 - INFO - [375/503] PFG - updating from 2026-04-25 (6 days behind)...
2026-04-30 06:19:29,490 - INFO - [375/503] PFG updated - 3 new rows (total: 754)
2026-04-30 06:19:30,004 - INFO - [376/503] PG - updating from 2026-04-25 (6 days behind)...
2026-04-30 06:19:30,206 - INFO - [376/503] PG updated - 3 new rows (total: 754)
2026-04-30 06:19:30,720 - INFO - [377/503] PGR - updating from 2026-04-25 (6 days behind)...
2026-04-30 06:19:30,855 - INFO - [377/503] PGR updated - 3 new rows (total: 754)
2026-04-30 06:19:31,369 - INFO - [378/503] PLD - updating from 2026-04-25 (6 days behind)...
2026-04-30 06:19:31,599 - INFO - [378/503] PLD updated - 3 new rows (total: 754)
2026-04-30 06:19:32,114 - INFO - [379/503] PRU - updating from 2026-04-25 (6 days behind)...
2026-04-30 06:19:32,257 - INFO - [379/503] PRU updated - 3 new rows (total: 754)
2026-04-30 06:19:32,775 - INFO - [380/503] PEG - updating from 2026-04-25 (6 days behind)...
2026-04-30 06:19:32,924 - INFO - [380/503] PEG updated - 3 new rows (total: 754)
2026-04-30 06:19:33,439 - INFO - [381/503] PTC - updating from 2026-04-25 (6 days behind)...
2026-04-30 06:19:33,679 - INFO - [381/503] PTC updated - 3 new rows (total: 754)
2026-04-30 06:19:34,195 - INFO - [382/503] PSA - updating from 2026-04-25 (6 days behind)...
2026-04-30 06:19:34,372 - INFO - [382/503] PSA updated - 3 new rows (total: 754)
2026-04-30 06:19:34,888 - INFO - [383/503] PHM - updating from 2026-04-25 (6 days behind)...
2026-04-30 06:19:35,022 - INFO - [383/503] PHM updated - 3 new rows (total: 754)
2026-04-30 06:19:35,539 - INFO - [384/503] PWR - updating from 2026-04-25 (6 days behind)...
2026-04-30 06:19:35,634 - INFO - [384/503] PWR updated - 3 new rows (total: 754)
2026-04-30 06:19:36,148 - INFO - [385/503] QCOM - updating from 2026-04-25 (6 days behind)...
2026-04-30 06:19:36,274 - INFO - [385/503] QCOM updated - 3 new rows (total: 754)
2026-04-30 06:19:36,790 - INFO - [386/503] DGX - updating from 2026-04-25 (6 days behind)...
2026-04-30 06:19:36,915 - INFO - [386/503] DGX updated - 3 new rows (total: 754)
2026-04-30 06:19:37,429 - INFO - [387/503] Q - updating from 2026-04-25 (6 days behind)...
2026-04-30 06:19:37,520 - INFO - [387/503] Q updated - 3 new rows (total: 126)
2026-04-30 06:19:38,035 - INFO - [388/503] RL - updating from 2026-04-25 (6 days behind)...
2026-04-30 06:19:38,148 - INFO - [388/503] RL updated - 3 new rows (total: 754)
2026-04-30 06:19:38,660 - INFO - [389/503] RJF - updating from 2026-04-25 (6 days behind)...
2026-04-30 06:19:38,795 - INFO - [389/503] RJF updated - 3 new rows (total: 754)
2026-04-30 06:19:39,311 - INFO - [390/503] RTX - updating from 2026-04-25 (6 days behind)...
2026-04-30 06:19:39,488 - INFO - [390/503] RTX updated - 3 new rows (total: 754)
2026-04-30 06:19:40,003 - INFO - [391/503] O - updating from 2026-04-25 (6 days behind)...
2026-04-30 06:19:40,141 - INFO - [391/503] O updated - 3 new rows (total: 754)
2026-04-30 06:19:40,654 - INFO - [392/503] REG - updating from 2026-04-25 (6 days behind)...
2026-04-30 06:19:40,787 - INFO - [392/503] REG updated - 3 new rows (total: 754)
2026-04-30 06:19:41,302 - INFO - [393/503] REGN - updating from 2026-04-25 (6 days behind)...
2026-04-30 06:19:41,398 - INFO - [393/503] REGN updated - 3 new rows (total: 754)
2026-04-30 06:19:41,914 - INFO - [394/503] RF - updating from 2026-04-25 (6 days behind)...
2026-04-30 06:19:42,070 - INFO - [394/503] RF updated - 3 new rows (total: 754)
2026-04-30 06:19:42,585 - INFO - [395/503] RSG - updating from 2026-04-25 (6 days behind)...
2026-04-30 06:19:42,699 - INFO - [395/503] RSG updated - 3 new rows (total: 754)
2026-04-30 06:19:43,215 - INFO - [396/503] RMD - updating from 2026-04-25 (6 days behind)...
2026-04-30 06:19:43,340 - INFO - [396/503] RMD updated - 3 new rows (total: 754)
2026-04-30 06:19:43,853 - INFO - [397/503] RVTY - updating from 2026-04-25 (6 days behind)...
2026-04-30 06:19:43,999 - INFO - [397/503] RVTY updated - 3 new rows (total: 754)
2026-04-30 06:19:44,514 - INFO - [398/503] HOOD - updating from 2026-04-25 (6 days behind)...
2026-04-30 06:19:44,607 - INFO - [398/503] HOOD updated - 3 new rows (total: 754)
2026-04-30 06:19:45,121 - INFO - [399/503] ROK - updating from 2026-04-25 (6 days behind)...
2026-04-30 06:19:45,276 - INFO - [399/503] ROK updated - 3 new rows (total: 754)
2026-04-30 06:19:45,791 - INFO - [400/503] ROL - updating from 2026-04-25 (6 days behind)...
2026-04-30 06:19:45,922 - INFO - [400/503] ROL updated - 3 new rows (total: 754)
2026-04-30 06:19:46,438 - INFO - [401/503] ROP - updating from 2026-04-25 (6 days behind)...
2026-04-30 06:19:46,582 - INFO - [401/503] ROP updated - 3 new rows (total: 754)
2026-04-30 06:19:47,095 - INFO - [402/503] ROST - updating from 2026-04-25 (6 days behind)...
2026-04-30 06:19:47,218 - INFO - [402/503] ROST updated - 3 new rows (total: 754)
2026-04-30 06:19:47,732 - INFO - [403/503] RCL - updating from 2026-04-25 (6 days behind)...
2026-04-30 06:19:47,857 - INFO - [403/503] RCL updated - 3 new rows (total: 754)
2026-04-30 06:19:48,375 - INFO - [404/503] SPGI - updating from 2026-04-25 (6 days behind)...
2026-04-30 06:19:48,524 - INFO - [404/503] SPGI updated - 3 new rows (total: 754)
2026-04-30 06:19:49,040 - INFO - [405/503] CRM - updating from 2026-04-25 (6 days behind)...
2026-04-30 06:19:49,143 - INFO - [405/503] CRM updated - 3 new rows (total: 754)
2026-04-30 06:19:49,664 - INFO - [406/503] SNDK - updating from 2026-04-25 (6 days behind)...
2026-04-30 06:19:49,757 - INFO - [406/503] SNDK updated - 3 new rows (total: 302)
2026-04-30 06:19:50,273 - INFO - [407/503] SBAC - updating from 2026-04-25 (6 days behind)...
2026-04-30 06:19:50,378 - INFO - [407/503] SBAC updated - 3 new rows (total: 754)
2026-04-30 06:19:50,904 - INFO - [408/503] SLB - updating from 2026-04-25 (6 days behind)...
2026-04-30 06:19:51,046 - INFO - [408/503] SLB updated - 3 new rows (total: 754)
2026-04-30 06:19:51,564 - INFO - [409/503] STX - updating from 2026-04-25 (6 days behind)...
2026-04-30 06:19:51,698 - INFO - [409/503] STX updated - 3 new rows (total: 754)
2026-04-30 06:19:52,213 - INFO - [410/503] SRE - updating from 2026-04-25 (6 days behind)...
2026-04-30 06:19:52,342 - INFO - [410/503] SRE updated - 3 new rows (total: 754)
2026-04-30 06:19:52,859 - INFO - [411/503] NOW - updating from 2026-04-25 (6 days behind)...
2026-04-30 06:19:52,959 - INFO - [411/503] NOW updated - 3 new rows (total: 754)
2026-04-30 06:19:53,475 - INFO - [412/503] SHW - updating from 2026-04-25 (6 days behind)...
2026-04-30 06:19:53,635 - INFO - [412/503] SHW updated - 3 new rows (total: 754)
2026-04-30 06:19:54,153 - INFO - [413/503] SPG - updating from 2026-04-25 (6 days behind)...
2026-04-30 06:19:54,292 - INFO - [413/503] SPG updated - 3 new rows (total: 754)
2026-04-30 06:19:54,809 - INFO - [414/503] SWKS - updating from 2026-04-25 (6 days behind)...
2026-04-30 06:19:54,917 - INFO - [414/503] SWKS updated - 3 new rows (total: 754)
2026-04-30 06:19:55,434 - INFO - [415/503] SJM - updating from 2026-04-25 (6 days behind)...
2026-04-30 06:19:55,575 - INFO - [415/503] SJM updated - 3 new rows (total: 754)
2026-04-30 06:19:56,091 - INFO - [416/503] SW - updating from 2026-04-25 (6 days behind)...
2026-04-30 06:19:56,213 - INFO - [416/503] SW updated - 3 new rows (total: 754)
2026-04-30 06:19:56,745 - INFO - [417/503] SNA - updating from 2026-04-25 (6 days behind)...
2026-04-30 06:19:56,884 - INFO - [417/503] SNA updated - 3 new rows (total: 754)
2026-04-30 06:19:57,399 - INFO - [418/503] SOLV - updating from 2026-04-25 (6 days behind)...
2026-04-30 06:19:57,485 - INFO - [418/503] SOLV updated - 3 new rows (total: 524)
2026-04-30 06:19:58,004 - INFO - [419/503] SO - updating from 2026-04-25 (6 days behind)...
2026-04-30 06:19:58,163 - INFO - [419/503] SO updated - 3 new rows (total: 754)
2026-04-30 06:19:58,677 - INFO - [420/503] LUV - updating from 2026-04-25 (6 days behind)...
2026-04-30 06:19:58,837 - INFO - [420/503] LUV updated - 3 new rows (total: 754)
2026-04-30 06:19:59,353 - INFO - [421/503] SWK - updating from 2026-04-25 (6 days behind)...
2026-04-30 06:19:59,522 - INFO - [421/503] SWK updated - 3 new rows (total: 754)
2026-04-30 06:20:00,038 - INFO - [422/503] SBUX - updating from 2026-04-25 (6 days behind)...
2026-04-30 06:20:00,165 - INFO - [422/503] SBUX updated - 3 new rows (total: 754)
2026-04-30 06:20:00,680 - INFO - [423/503] STT - updating from 2026-04-25 (6 days behind)...
2026-04-30 06:20:00,824 - INFO - [423/503] STT updated - 3 new rows (total: 754)
2026-04-30 06:20:01,341 - INFO - [424/503] STLD - updating from 2026-04-25 (6 days behind)...
2026-04-30 06:20:01,477 - INFO - [424/503] STLD updated - 3 new rows (total: 754)
2026-04-30 06:20:01,995 - INFO - [425/503] STE - updating from 2026-04-25 (6 days behind)...
2026-04-30 06:20:02,112 - INFO - [425/503] STE updated - 3 new rows (total: 754)
2026-04-30 06:20:02,627 - INFO - [426/503] SYK - updating from 2026-04-25 (6 days behind)...
2026-04-30 06:20:02,756 - INFO - [426/503] SYK updated - 3 new rows (total: 754)
2026-04-30 06:20:03,270 - INFO - [427/503] SMCI - updating from 2026-04-25 (6 days behind)...
2026-04-30 06:20:03,366 - INFO - [427/503] SMCI updated - 3 new rows (total: 754)
2026-04-30 06:20:03,883 - INFO - [428/503] SYF - updating from 2026-04-25 (6 days behind)...
2026-04-30 06:20:03,991 - INFO - [428/503] SYF updated - 3 new rows (total: 754)
2026-04-30 06:20:04,505 - INFO - [429/503] SNPS - updating from 2026-04-25 (6 days behind)...
2026-04-30 06:20:04,598 - INFO - [429/503] SNPS updated - 3 new rows (total: 754)
2026-04-30 06:20:05,113 - INFO - [430/503] SYY - updating from 2026-04-25 (6 days behind)...
2026-04-30 06:20:05,250 - INFO - [430/503] SYY updated - 3 new rows (total: 754)
2026-04-30 06:20:05,763 - INFO - [431/503] TMUS - updating from 2026-04-25 (6 days behind)...
2026-04-30 06:20:05,870 - INFO - [431/503] TMUS updated - 3 new rows (total: 754)
2026-04-30 06:20:06,383 - INFO - [432/503] TROW - updating from 2026-04-25 (6 days behind)...
2026-04-30 06:20:06,612 - INFO - [432/503] TROW updated - 3 new rows (total: 754)
2026-04-30 06:20:07,126 - INFO - [433/503] TTWO - updating from 2026-04-25 (6 days behind)...
2026-04-30 06:20:07,220 - INFO - [433/503] TTWO updated - 3 new rows (total: 754)
2026-04-30 06:20:07,737 - INFO - [434/503] TPR - updating from 2026-04-25 (6 days behind)...
2026-04-30 06:20:07,862 - INFO - [434/503] TPR updated - 3 new rows (total: 754)
2026-04-30 06:20:08,376 - INFO - [435/503] TRGP - updating from 2026-04-25 (6 days behind)...
2026-04-30 06:20:08,493 - INFO - [435/503] TRGP updated - 3 new rows (total: 754)
2026-04-30 06:20:09,008 - INFO - [436/503] TGT - updating from 2026-04-25 (6 days behind)...
2026-04-30 06:20:09,149 - INFO - [436/503] TGT updated - 3 new rows (total: 754)
2026-04-30 06:20:09,665 - INFO - [437/503] TEL - updating from 2026-04-25 (6 days behind)...
2026-04-30 06:20:09,779 - INFO - [437/503] TEL updated - 3 new rows (total: 754)
2026-04-30 06:20:10,295 - INFO - [438/503] TDY - updating from 2026-04-25 (6 days behind)...
2026-04-30 06:20:10,393 - INFO - [438/503] TDY updated - 3 new rows (total: 754)
2026-04-30 06:20:10,909 - INFO - [439/503] TER - updating from 2026-04-25 (6 days behind)...
2026-04-30 06:20:11,027 - INFO - [439/503] TER updated - 3 new rows (total: 754)
2026-04-30 06:20:11,543 - INFO - [440/503] TSLA - updating from 2026-04-25 (6 days behind)...
2026-04-30 06:20:11,635 - INFO - [440/503] TSLA updated - 3 new rows (total: 754)
2026-04-30 06:20:12,154 - INFO - [441/503] TXN - updating from 2026-04-25 (6 days behind)...
2026-04-30 06:20:12,301 - INFO - [441/503] TXN updated - 3 new rows (total: 754)
2026-04-30 06:20:12,817 - INFO - [442/503] TPL - updating from 2026-04-25 (6 days behind)...
2026-04-30 06:20:12,961 - INFO - [442/503] TPL updated - 3 new rows (total: 754)
2026-04-30 06:20:13,477 - INFO - [443/503] TXT - updating from 2026-04-25 (6 days behind)...
2026-04-30 06:20:13,642 - INFO - [443/503] TXT updated - 3 new rows (total: 754)
2026-04-30 06:20:14,157 - INFO - [444/503] TMO - updating from 2026-04-25 (6 days behind)...
2026-04-30 06:20:14,283 - INFO - [444/503] TMO updated - 3 new rows (total: 754)
2026-04-30 06:20:14,797 - INFO - [445/503] TJX - updating from 2026-04-25 (6 days behind)...
2026-04-30 06:20:14,991 - INFO - [445/503] TJX updated - 3 new rows (total: 754)
2026-04-30 06:20:15,506 - INFO - [446/503] TKO - updating from 2026-04-25 (6 days behind)...
2026-04-30 06:20:15,621 - INFO - [446/503] TKO updated - 3 new rows (total: 754)
2026-04-30 06:20:16,135 - INFO - [447/503] TTD - updating from 2026-04-25 (6 days behind)...
2026-04-30 06:20:16,230 - INFO - [447/503] TTD updated - 3 new rows (total: 754)
2026-04-30 06:20:16,746 - INFO - [448/503] TSCO - updating from 2026-04-25 (6 days behind)...
2026-04-30 06:20:16,852 - INFO - [448/503] TSCO updated - 3 new rows (total: 754)
2026-04-30 06:20:17,370 - INFO - [449/503] TT - updating from 2026-04-25 (6 days behind)...
2026-04-30 06:20:17,527 - INFO - [449/503] TT updated - 3 new rows (total: 754)
2026-04-30 06:20:18,040 - INFO - [450/503] TDG - updating from 2026-04-25 (6 days behind)...
2026-04-30 06:20:18,165 - INFO - [450/503] TDG updated - 3 new rows (total: 754)
2026-04-30 06:20:18,679 - INFO - [451/503] TRV - updating from 2026-04-25 (6 days behind)...
2026-04-30 06:20:18,808 - INFO - [451/503] TRV updated - 3 new rows (total: 754)
2026-04-30 06:20:19,320 - INFO - [452/503] TRMB - updating from 2026-04-25 (6 days behind)...
2026-04-30 06:20:19,412 - INFO - [452/503] TRMB updated - 3 new rows (total: 754)
2026-04-30 06:20:19,927 - INFO - [453/503] TFC - updating from 2026-04-25 (6 days behind)...
2026-04-30 06:20:20,067 - INFO - [453/503] TFC updated - 3 new rows (total: 754)
2026-04-30 06:20:20,582 - INFO - [454/503] TYL - updating from 2026-04-25 (6 days behind)...
2026-04-30 06:20:20,694 - INFO - [454/503] TYL updated - 3 new rows (total: 754)
2026-04-30 06:20:21,211 - INFO - [455/503] TSN - updating from 2026-04-25 (6 days behind)...
2026-04-30 06:20:21,347 - INFO - [455/503] TSN updated - 3 new rows (total: 754)
2026-04-30 06:20:21,864 - INFO - [456/503] USB - updating from 2026-04-25 (6 days behind)...
2026-04-30 06:20:22,113 - INFO - [456/503] USB updated - 3 new rows (total: 754)
2026-04-30 06:20:22,626 - INFO - [457/503] UBER - updating from 2026-04-25 (6 days behind)...
2026-04-30 06:20:22,729 - INFO - [457/503] UBER updated - 3 new rows (total: 754)
2026-04-30 06:20:23,248 - INFO - [458/503] UDR - updating from 2026-04-25 (6 days behind)...
2026-04-30 06:20:23,400 - INFO - [458/503] UDR updated - 3 new rows (total: 754)
2026-04-30 06:20:23,914 - INFO - [459/503] ULTA - updating from 2026-04-25 (6 days behind)...
2026-04-30 06:20:24,011 - INFO - [459/503] ULTA updated - 3 new rows (total: 754)
2026-04-30 06:20:24,527 - INFO - [460/503] UNP - updating from 2026-04-25 (6 days behind)...
2026-04-30 06:20:24,697 - INFO - [460/503] UNP updated - 3 new rows (total: 754)
2026-04-30 06:20:25,212 - INFO - [461/503] UAL - updating from 2026-04-25 (6 days behind)...
2026-04-30 06:20:25,386 - INFO - [461/503] UAL updated - 3 new rows (total: 754)
2026-04-30 06:20:25,903 - INFO - [462/503] UPS - updating from 2026-04-25 (6 days behind)...
2026-04-30 06:20:26,027 - INFO - [462/503] UPS updated - 3 new rows (total: 754)
2026-04-30 06:20:26,542 - INFO - [463/503] URI - updating from 2026-04-25 (6 days behind)...
2026-04-30 06:20:26,666 - INFO - [463/503] URI updated - 3 new rows (total: 754)
2026-04-30 06:20:27,180 - INFO - [464/503] UNH - updating from 2026-04-25 (6 days behind)...
2026-04-30 06:20:27,315 - INFO - [464/503] UNH updated - 3 new rows (total: 754)
2026-04-30 06:20:27,833 - INFO - [465/503] UHS - updating from 2026-04-25 (6 days behind)...
2026-04-30 06:20:27,972 - INFO - [465/503] UHS updated - 3 new rows (total: 754)
2026-04-30 06:20:28,488 - INFO - [466/503] VLO - updating from 2026-04-25 (6 days behind)...
2026-04-30 06:20:28,667 - INFO - [466/503] VLO updated - 3 new rows (total: 754)
2026-04-30 06:20:29,183 - INFO - [467/503] VTR - updating from 2026-04-25 (6 days behind)...
2026-04-30 06:20:29,578 - INFO - [467/503] VTR updated - 3 new rows (total: 754)
2026-04-30 06:20:30,094 - INFO - [468/503] VLTO - updating from 2026-04-25 (6 days behind)...
2026-04-30 06:20:30,243 - INFO - [468/503] VLTO updated - 3 new rows (total: 643)
2026-04-30 06:20:30,758 - INFO - [469/503] VRSN - updating from 2026-04-25 (6 days behind)...
2026-04-30 06:20:30,893 - INFO - [469/503] VRSN updated - 3 new rows (total: 754)
2026-04-30 06:20:31,408 - INFO - [470/503] VRSK - updating from 2026-04-25 (6 days behind)...
2026-04-30 06:20:31,506 - INFO - [470/503] VRSK updated - 3 new rows (total: 754)
2026-04-30 06:20:32,022 - INFO - [471/503] VZ - updating from 2026-04-25 (6 days behind)...
2026-04-30 06:20:32,178 - INFO - [471/503] VZ updated - 3 new rows (total: 754)
2026-04-30 06:20:32,693 - INFO - [472/503] VRTX - updating from 2026-04-25 (6 days behind)...
2026-04-30 06:20:32,787 - INFO - [472/503] VRTX updated - 3 new rows (total: 754)
2026-04-30 06:20:33,304 - INFO - [473/503] VRT - updating from 2026-04-25 (6 days behind)...
2026-04-30 06:20:33,430 - INFO - [473/503] VRT updated - 3 new rows (total: 754)
2026-04-30 06:20:33,945 - INFO - [474/503] VTRS - updating from 2026-04-25 (6 days behind)...
2026-04-30 06:20:34,120 - INFO - [474/503] VTRS updated - 3 new rows (total: 754)
2026-04-30 06:20:34,645 - INFO - [475/503] VICI - updating from 2026-04-25 (6 days behind)...
2026-04-30 06:20:34,752 - INFO - [475/503] VICI updated - 3 new rows (total: 754)
2026-04-30 06:20:35,268 - INFO - [476/503] V - updating from 2026-04-25 (6 days behind)...
2026-04-30 06:20:35,377 - INFO - [476/503] V updated - 3 new rows (total: 754)
2026-04-30 06:20:35,894 - INFO - [477/503] VST - updating from 2026-04-25 (6 days behind)...
2026-04-30 06:20:36,009 - INFO - [477/503] VST updated - 3 new rows (total: 754)
2026-04-30 06:20:36,528 - INFO - [478/503] VMC - updating from 2026-04-25 (6 days behind)...
2026-04-30 06:20:36,664 - INFO - [478/503] VMC updated - 3 new rows (total: 754)
2026-04-30 06:20:37,181 - INFO - [479/503] WRB - updating from 2026-04-25 (6 days behind)...
2026-04-30 06:20:37,326 - INFO - [479/503] WRB updated - 3 new rows (total: 754)
2026-04-30 06:20:37,844 - INFO - [480/503] GWW - updating from 2026-04-25 (6 days behind)...
2026-04-30 06:20:37,988 - INFO - [480/503] GWW updated - 3 new rows (total: 754)
2026-04-30 06:20:38,502 - INFO - [481/503] WAB - updating from 2026-04-25 (6 days behind)...
2026-04-30 06:20:38,627 - INFO - [481/503] WAB updated - 3 new rows (total: 754)
2026-04-30 06:20:39,148 - INFO - [482/503] WMT - updating from 2026-04-25 (6 days behind)...
2026-04-30 06:20:39,323 - INFO - [482/503] WMT updated - 3 new rows (total: 754)
2026-04-30 06:20:39,839 - INFO - [483/503] DIS - updating from 2026-04-25 (6 days behind)...
2026-04-30 06:20:40,005 - INFO - [483/503] DIS updated - 3 new rows (total: 754)
2026-04-30 06:20:40,520 - INFO - [484/503] WBD - updating from 2026-04-25 (6 days behind)...
2026-04-30 06:20:40,616 - INFO - [484/503] WBD updated - 3 new rows (total: 754)
2026-04-30 06:20:41,132 - INFO - [485/503] WM - updating from 2026-04-25 (6 days behind)...
2026-04-30 06:20:41,257 - INFO - [485/503] WM updated - 3 new rows (total: 754)
2026-04-30 06:20:41,770 - INFO - [486/503] WAT - updating from 2026-04-25 (6 days behind)...
2026-04-30 06:20:41,857 - INFO - [486/503] WAT updated - 3 new rows (total: 754)
2026-04-30 06:20:42,372 - INFO - [487/503] WEC - updating from 2026-04-25 (6 days behind)...
2026-04-30 06:20:42,511 - INFO - [487/503] WEC updated - 3 new rows (total: 754)
2026-04-30 06:20:43,025 - INFO - [488/503] WFC - updating from 2026-04-25 (6 days behind)...
2026-04-30 06:20:43,173 - INFO - [488/503] WFC updated - 3 new rows (total: 754)
2026-04-30 06:20:43,692 - INFO - [489/503] WELL - updating from 2026-04-25 (6 days behind)...
2026-04-30 06:20:43,825 - INFO - [489/503] WELL updated - 3 new rows (total: 754)
2026-04-30 06:20:44,341 - INFO - [490/503] WST - updating from 2026-04-25 (6 days behind)...
2026-04-30 06:20:44,481 - INFO - [490/503] WST updated - 3 new rows (total: 754)
2026-04-30 06:20:44,997 - INFO - [491/503] WDC - updating from 2026-04-25 (6 days behind)...
2026-04-30 06:20:45,110 - INFO - [491/503] WDC updated - 3 new rows (total: 754)
2026-04-30 06:20:45,625 - INFO - [492/503] WY - updating from 2026-04-25 (6 days behind)...
2026-04-30 06:20:45,831 - INFO - [492/503] WY updated - 3 new rows (total: 754)
2026-04-30 06:20:46,346 - INFO - [493/503] WSM - updating from 2026-04-25 (6 days behind)...
2026-04-30 06:20:46,460 - INFO - [493/503] WSM updated - 3 new rows (total: 754)
2026-04-30 06:20:46,976 - INFO - [494/503] WMB - updating from 2026-04-25 (6 days behind)...
2026-04-30 06:20:47,153 - INFO - [494/503] WMB updated - 3 new rows (total: 754)
2026-04-30 06:20:47,667 - INFO - [495/503] WTW - updating from 2026-04-25 (6 days behind)...
2026-04-30 06:20:47,784 - INFO - [495/503] WTW updated - 3 new rows (total: 754)
2026-04-30 06:20:48,297 - INFO - [496/503] WDAY - updating from 2026-04-25 (6 days behind)...
2026-04-30 06:20:48,473 - INFO - [496/503] WDAY updated - 3 new rows (total: 754)
2026-04-30 06:20:48,990 - INFO - [497/503] WYNN - updating from 2026-04-25 (6 days behind)...
2026-04-30 06:20:49,114 - INFO - [497/503] WYNN updated - 3 new rows (total: 754)
2026-04-30 06:20:49,630 - INFO - [498/503] XEL - updating from 2026-04-25 (6 days behind)...
2026-04-30 06:20:49,920 - INFO - [498/503] XEL updated - 3 new rows (total: 754)
2026-04-30 06:20:50,434 - INFO - [499/503] XYL - updating from 2026-04-25 (6 days behind)...
2026-04-30 06:20:50,582 - INFO - [499/503] XYL updated - 3 new rows (total: 754)
2026-04-30 06:20:51,101 - INFO - [500/503] YUM - updating from 2026-04-25 (6 days behind)...
2026-04-30 06:20:51,228 - INFO - [500/503] YUM updated - 3 new rows (total: 754)
2026-04-30 06:20:51,742 - INFO - [501/503] ZBRA - updating from 2026-04-25 (6 days behind)...
2026-04-30 06:20:51,837 - INFO - [501/503] ZBRA updated - 3 new rows (total: 754)
2026-04-30 06:20:52,352 - INFO - [502/503] ZBH - updating from 2026-04-25 (6 days behind)...
2026-04-30 06:20:52,551 - INFO - [502/503] ZBH updated - 3 new rows (total: 754)
2026-04-30 06:20:53,067 - INFO - [503/503] ZTS - updating from 2026-04-25 (6 days behind)...
2026-04-30 06:20:53,213 - INFO - [503/503] ZTS updated - 3 new rows (total: 754)
2026-04-30 06:20:53,713 - INFO - 
============================================================
2026-04-30 06:20:53,714 - INFO - Download Summary:
2026-04-30 06:20:53,714 - INFO -   Total tickers: 503
2026-04-30 06:20:53,714 - INFO -   Successfully updated: 503
2026-04-30 06:20:53,715 - INFO -   Already current: 0
2026-04-30 06:20:53,715 - INFO -   Failed: 0
2026-04-30 06:20:53,715 - INFO - ============================================================

2026-04-30 06:20:53,715 - INFO - Data ingestion completed: {'success': 503, 'updated': 503, 'skipped': 0, 'failed': 0, 'errors': []}
2026-04-30 06:20:53,715 - INFO - 
Data ingestion completed successfully
